2018-02-07 20:51:49 [INFO ] - [main] (LocalContainerEntityManagerFactoryBean.java:349) Building JPA container EntityManagerFactory for persistence unit 'default'
2018-02-07 20:57:35 [INFO ] - [main] (LocalContainerEntityManagerFactoryBean.java:349) Building JPA container EntityManagerFactory for persistence unit 'default'
2018-02-07 21:06:48 [INFO ] - [main] (LocalContainerEntityManagerFactoryBean.java:349) Building JPA container EntityManagerFactory for persistence unit 'default'
2018-02-07 21:20:25 [INFO ] - [main] (LocalContainerEntityManagerFactoryBean.java:349) Building JPA container EntityManagerFactory for persistence unit 'default'
2018-02-07 21:20:26 [INFO ] - [main] (AbstractEntityManagerFactoryBean.java:379) Initialized JPA EntityManagerFactory for persistence unit 'default'
2018-02-07 21:28:10 [INFO ] - [main] (LocalContainerEntityManagerFactoryBean.java:349) Building JPA container EntityManagerFactory for persistence unit 'default'
2018-02-07 21:28:11 [INFO ] - [main] (AbstractEntityManagerFactoryBean.java:379) Initialized JPA EntityManagerFactory for persistence unit 'default'
2018-02-07 22:31:16 [INFO ] - [main] (LocalContainerEntityManagerFactoryBean.java:349) Building JPA container EntityManagerFactory for persistence unit 'default'
2018-02-07 22:31:17 [INFO ] - [main] (AbstractEntityManagerFactoryBean.java:379) Initialized JPA EntityManagerFactory for persistence unit 'default'
2018-02-07 22:33:13 [INFO ] - [main] (LocalContainerEntityManagerFactoryBean.java:349) Building JPA container EntityManagerFactory for persistence unit 'default'
2018-02-07 22:33:15 [INFO ] - [main] (AbstractEntityManagerFactoryBean.java:379) Initialized JPA EntityManagerFactory for persistence unit 'default'
2018-02-08 14:37:08 [INFO ] - [main] (LocalContainerEntityManagerFactoryBean.java:349) Building JPA container EntityManagerFactory for persistence unit 'default'
2018-02-08 14:37:09 [INFO ] - [main] (AbstractEntityManagerFactoryBean.java:379) Initialized JPA EntityManagerFactory for persistence unit 'default'
2018-02-08 14:37:09 [INFO ] - [main] (AbstractEntityManagerFactoryBean.java:548) Closing JPA EntityManagerFactory for persistence unit 'default'
2018-02-08 14:42:53 [INFO ] - [main] (LocalContainerEntityManagerFactoryBean.java:349) Building JPA container EntityManagerFactory for persistence unit 'default'
2018-02-08 14:42:54 [INFO ] - [main] (AbstractEntityManagerFactoryBean.java:379) Initialized JPA EntityManagerFactory for persistence unit 'default'
2018-02-08 14:42:54 [INFO ] - [main] (AbstractEntityManagerFactoryBean.java:548) Closing JPA EntityManagerFactory for persistence unit 'default'
2018-02-08 14:48:15 [INFO ] - [main] (LocalContainerEntityManagerFactoryBean.java:349) Building JPA container EntityManagerFactory for persistence unit 'default'
2018-02-08 14:48:16 [INFO ] - [main] (AbstractEntityManagerFactoryBean.java:379) Initialized JPA EntityManagerFactory for persistence unit 'default'
2018-02-08 14:48:16 [INFO ] - [main] (AbstractEntityManagerFactoryBean.java:548) Closing JPA EntityManagerFactory for persistence unit 'default'
2018-02-08 14:51:58 [INFO ] - [main] (LocalContainerEntityManagerFactoryBean.java:349) Building JPA container EntityManagerFactory for persistence unit 'default'
2018-02-08 14:51:59 [INFO ] - [main] (AbstractEntityManagerFactoryBean.java:379) Initialized JPA EntityManagerFactory for persistence unit 'default'
2018-02-08 14:51:59 [INFO ] - [main] (AbstractEntityManagerFactoryBean.java:548) Closing JPA EntityManagerFactory for persistence unit 'default'
2018-02-08 14:55:59 [INFO ] - [main] (LocalContainerEntityManagerFactoryBean.java:349) Building JPA container EntityManagerFactory for persistence unit 'default'
2018-02-08 14:55:59 [INFO ] - [main] (AbstractEntityManagerFactoryBean.java:379) Initialized JPA EntityManagerFactory for persistence unit 'default'
2018-02-08 14:56:00 [DEBUG] - [main] (SharedEntityManagerCreator.java:289) Creating new EntityManager for shared EntityManager invocation
2018-02-08 14:56:00 [DEBUG] - [main] (EntityManagerFactoryUtils.java:435) Closing JPA EntityManager
2018-02-08 14:56:00 [DEBUG] - [main] (SharedEntityManagerCreator.java:289) Creating new EntityManager for shared EntityManager invocation
2018-02-08 14:56:00 [DEBUG] - [main] (EntityManagerFactoryUtils.java:435) Closing JPA EntityManager
2018-02-08 14:56:00 [DEBUG] - [main] (SharedEntityManagerCreator.java:289) Creating new EntityManager for shared EntityManager invocation
2018-02-08 14:56:00 [DEBUG] - [main] (EntityManagerFactoryUtils.java:435) Closing JPA EntityManager
2018-02-08 14:56:00 [INFO ] - [main] (AbstractEntityManagerFactoryBean.java:548) Closing JPA EntityManagerFactory for persistence unit 'default'
2018-02-08 15:02:44 [INFO ] - [main] (LocalContainerEntityManagerFactoryBean.java:349) Building JPA container EntityManagerFactory for persistence unit 'default'
2018-02-08 15:02:46 [INFO ] - [main] (AbstractEntityManagerFactoryBean.java:379) Initialized JPA EntityManagerFactory for persistence unit 'default'
2018-02-08 15:02:46 [DEBUG] - [main] (SharedEntityManagerCreator.java:289) Creating new EntityManager for shared EntityManager invocation
2018-02-08 15:02:46 [DEBUG] - [main] (EntityManagerFactoryUtils.java:435) Closing JPA EntityManager
2018-02-08 15:02:46 [DEBUG] - [main] (SharedEntityManagerCreator.java:289) Creating new EntityManager for shared EntityManager invocation
2018-02-08 15:02:46 [DEBUG] - [main] (EntityManagerFactoryUtils.java:435) Closing JPA EntityManager
2018-02-08 15:02:46 [DEBUG] - [main] (SharedEntityManagerCreator.java:289) Creating new EntityManager for shared EntityManager invocation
2018-02-08 15:02:46 [DEBUG] - [main] (EntityManagerFactoryUtils.java:435) Closing JPA EntityManager
2018-02-08 15:02:46 [DEBUG] - [main] (SharedEntityManagerCreator.java:289) Creating new EntityManager for shared EntityManager invocation
2018-02-08 15:02:46 [DEBUG] - [main] (EntityManagerFactoryUtils.java:435) Closing JPA EntityManager
2018-02-08 15:02:46 [DEBUG] - [main] (SharedEntityManagerCreator.java:289) Creating new EntityManager for shared EntityManager invocation
2018-02-08 15:02:46 [DEBUG] - [main] (EntityManagerFactoryUtils.java:435) Closing JPA EntityManager
2018-02-08 15:03:59 [INFO ] - [main] (LocalContainerEntityManagerFactoryBean.java:349) Building JPA container EntityManagerFactory for persistence unit 'default'
2018-02-08 15:04:01 [INFO ] - [main] (AbstractEntityManagerFactoryBean.java:379) Initialized JPA EntityManagerFactory for persistence unit 'default'
2018-02-08 15:04:01 [DEBUG] - [main] (SharedEntityManagerCreator.java:289) Creating new EntityManager for shared EntityManager invocation
2018-02-08 15:04:01 [DEBUG] - [main] (EntityManagerFactoryUtils.java:435) Closing JPA EntityManager
2018-02-08 15:04:01 [DEBUG] - [main] (SharedEntityManagerCreator.java:289) Creating new EntityManager for shared EntityManager invocation
2018-02-08 15:04:01 [DEBUG] - [main] (EntityManagerFactoryUtils.java:435) Closing JPA EntityManager
2018-02-08 15:04:01 [DEBUG] - [main] (SharedEntityManagerCreator.java:289) Creating new EntityManager for shared EntityManager invocation
2018-02-08 15:04:01 [DEBUG] - [main] (EntityManagerFactoryUtils.java:435) Closing JPA EntityManager
2018-02-08 15:04:01 [DEBUG] - [main] (SharedEntityManagerCreator.java:289) Creating new EntityManager for shared EntityManager invocation
2018-02-08 15:04:01 [DEBUG] - [main] (EntityManagerFactoryUtils.java:435) Closing JPA EntityManager
2018-02-08 15:04:01 [DEBUG] - [main] (SharedEntityManagerCreator.java:289) Creating new EntityManager for shared EntityManager invocation
2018-02-08 15:04:01 [DEBUG] - [main] (EntityManagerFactoryUtils.java:435) Closing JPA EntityManager
2018-02-08 15:04:12 [DEBUG] - [http-nio-8080-exec-2] (OpenEntityManagerInViewInterceptor.java:85) Opening JPA EntityManager in OpenEntityManagerInViewInterceptor
2018-02-08 15:04:12 [DEBUG] - [http-nio-8080-exec-2] (OpenEntityManagerInViewInterceptor.java:110) Closing JPA EntityManager in OpenEntityManagerInViewInterceptor
2018-02-08 15:04:12 [DEBUG] - [http-nio-8080-exec-2] (EntityManagerFactoryUtils.java:435) Closing JPA EntityManager
2018-02-08 15:04:12 [DEBUG] - [http-nio-8080-exec-2] (OpenEntityManagerInViewInterceptor.java:85) Opening JPA EntityManager in OpenEntityManagerInViewInterceptor
2018-02-08 15:04:12 [DEBUG] - [http-nio-8080-exec-2] (OpenEntityManagerInViewInterceptor.java:110) Closing JPA EntityManager in OpenEntityManagerInViewInterceptor
2018-02-08 15:04:12 [DEBUG] - [http-nio-8080-exec-2] (EntityManagerFactoryUtils.java:435) Closing JPA EntityManager
2018-02-08 15:05:03 [DEBUG] - [http-nio-8080-exec-5] (OpenEntityManagerInViewInterceptor.java:85) Opening JPA EntityManager in OpenEntityManagerInViewInterceptor
2018-02-08 15:05:03 [DEBUG] - [http-nio-8080-exec-5] (OpenEntityManagerInViewInterceptor.java:110) Closing JPA EntityManager in OpenEntityManagerInViewInterceptor
2018-02-08 15:05:03 [DEBUG] - [http-nio-8080-exec-5] (EntityManagerFactoryUtils.java:435) Closing JPA EntityManager
2018-02-08 15:05:03 [DEBUG] - [http-nio-8080-exec-5] (OpenEntityManagerInViewInterceptor.java:85) Opening JPA EntityManager in OpenEntityManagerInViewInterceptor
2018-02-08 15:05:03 [DEBUG] - [http-nio-8080-exec-5] (OpenEntityManagerInViewInterceptor.java:110) Closing JPA EntityManager in OpenEntityManagerInViewInterceptor
2018-02-08 15:05:03 [DEBUG] - [http-nio-8080-exec-5] (EntityManagerFactoryUtils.java:435) Closing JPA EntityManager
2018-02-08 15:06:28 [INFO ] - [main] (LocalContainerEntityManagerFactoryBean.java:349) Building JPA container EntityManagerFactory for persistence unit 'default'
2018-02-08 15:06:30 [INFO ] - [main] (AbstractEntityManagerFactoryBean.java:379) Initialized JPA EntityManagerFactory for persistence unit 'default'
2018-02-08 15:06:30 [DEBUG] - [main] (SharedEntityManagerCreator.java:289) Creating new EntityManager for shared EntityManager invocation
2018-02-08 15:06:30 [DEBUG] - [main] (EntityManagerFactoryUtils.java:435) Closing JPA EntityManager
2018-02-08 15:06:30 [DEBUG] - [main] (SharedEntityManagerCreator.java:289) Creating new EntityManager for shared EntityManager invocation
2018-02-08 15:06:30 [DEBUG] - [main] (EntityManagerFactoryUtils.java:435) Closing JPA EntityManager
2018-02-08 15:06:30 [DEBUG] - [main] (SharedEntityManagerCreator.java:289) Creating new EntityManager for shared EntityManager invocation
2018-02-08 15:06:30 [DEBUG] - [main] (EntityManagerFactoryUtils.java:435) Closing JPA EntityManager
2018-02-08 15:06:30 [DEBUG] - [main] (SharedEntityManagerCreator.java:289) Creating new EntityManager for shared EntityManager invocation
2018-02-08 15:06:30 [DEBUG] - [main] (EntityManagerFactoryUtils.java:435) Closing JPA EntityManager
2018-02-08 15:06:30 [DEBUG] - [main] (SharedEntityManagerCreator.java:289) Creating new EntityManager for shared EntityManager invocation
2018-02-08 15:06:30 [DEBUG] - [main] (EntityManagerFactoryUtils.java:435) Closing JPA EntityManager
2018-02-08 15:06:42 [DEBUG] - [http-nio-8080-exec-1] (OpenEntityManagerInViewInterceptor.java:85) Opening JPA EntityManager in OpenEntityManagerInViewInterceptor
2018-02-08 15:06:42 [DEBUG] - [http-nio-8080-exec-1] (OpenEntityManagerInViewInterceptor.java:110) Closing JPA EntityManager in OpenEntityManagerInViewInterceptor
2018-02-08 15:06:42 [DEBUG] - [http-nio-8080-exec-1] (EntityManagerFactoryUtils.java:435) Closing JPA EntityManager
2018-02-08 15:06:43 [DEBUG] - [http-nio-8080-exec-1] (OpenEntityManagerInViewInterceptor.java:85) Opening JPA EntityManager in OpenEntityManagerInViewInterceptor
2018-02-08 15:06:43 [DEBUG] - [http-nio-8080-exec-1] (OpenEntityManagerInViewInterceptor.java:110) Closing JPA EntityManager in OpenEntityManagerInViewInterceptor
2018-02-08 15:06:43 [DEBUG] - [http-nio-8080-exec-1] (EntityManagerFactoryUtils.java:435) Closing JPA EntityManager
2018-02-08 15:11:15 [INFO ] - [main] (LocalContainerEntityManagerFactoryBean.java:349) Building JPA container EntityManagerFactory for persistence unit 'default'
2018-02-08 15:11:17 [INFO ] - [main] (AbstractEntityManagerFactoryBean.java:379) Initialized JPA EntityManagerFactory for persistence unit 'default'
2018-02-08 15:11:17 [DEBUG] - [main] (SharedEntityManagerCreator.java:289) Creating new EntityManager for shared EntityManager invocation
2018-02-08 15:11:17 [DEBUG] - [main] (EntityManagerFactoryUtils.java:435) Closing JPA EntityManager
2018-02-08 15:11:17 [DEBUG] - [main] (SharedEntityManagerCreator.java:289) Creating new EntityManager for shared EntityManager invocation
2018-02-08 15:11:17 [DEBUG] - [main] (EntityManagerFactoryUtils.java:435) Closing JPA EntityManager
2018-02-08 15:11:17 [DEBUG] - [main] (SharedEntityManagerCreator.java:289) Creating new EntityManager for shared EntityManager invocation
2018-02-08 15:11:17 [DEBUG] - [main] (EntityManagerFactoryUtils.java:435) Closing JPA EntityManager
2018-02-08 15:11:17 [DEBUG] - [main] (SharedEntityManagerCreator.java:289) Creating new EntityManager for shared EntityManager invocation
2018-02-08 15:11:17 [DEBUG] - [main] (EntityManagerFactoryUtils.java:435) Closing JPA EntityManager
2018-02-08 15:11:17 [DEBUG] - [main] (SharedEntityManagerCreator.java:289) Creating new EntityManager for shared EntityManager invocation
2018-02-08 15:11:17 [DEBUG] - [main] (EntityManagerFactoryUtils.java:435) Closing JPA EntityManager
2018-02-08 15:11:24 [DEBUG] - [http-nio-8080-exec-2] (OpenEntityManagerInViewInterceptor.java:85) Opening JPA EntityManager in OpenEntityManagerInViewInterceptor
2018-02-08 15:11:24 [DEBUG] - [http-nio-8080-exec-2] (OpenEntityManagerInViewInterceptor.java:110) Closing JPA EntityManager in OpenEntityManagerInViewInterceptor
2018-02-08 15:11:24 [DEBUG] - [http-nio-8080-exec-2] (EntityManagerFactoryUtils.java:435) Closing JPA EntityManager
2018-02-08 15:11:53 [INFO ] - [main] (LocalContainerEntityManagerFactoryBean.java:349) Building JPA container EntityManagerFactory for persistence unit 'default'
2018-02-08 15:11:55 [INFO ] - [main] (AbstractEntityManagerFactoryBean.java:379) Initialized JPA EntityManagerFactory for persistence unit 'default'
2018-02-08 15:11:55 [DEBUG] - [main] (SharedEntityManagerCreator.java:289) Creating new EntityManager for shared EntityManager invocation
2018-02-08 15:11:55 [DEBUG] - [main] (EntityManagerFactoryUtils.java:435) Closing JPA EntityManager
2018-02-08 15:11:55 [DEBUG] - [main] (SharedEntityManagerCreator.java:289) Creating new EntityManager for shared EntityManager invocation
2018-02-08 15:11:55 [DEBUG] - [main] (EntityManagerFactoryUtils.java:435) Closing JPA EntityManager
2018-02-08 15:11:55 [DEBUG] - [main] (SharedEntityManagerCreator.java:289) Creating new EntityManager for shared EntityManager invocation
2018-02-08 15:11:55 [DEBUG] - [main] (EntityManagerFactoryUtils.java:435) Closing JPA EntityManager
2018-02-08 15:11:55 [DEBUG] - [main] (SharedEntityManagerCreator.java:289) Creating new EntityManager for shared EntityManager invocation
2018-02-08 15:11:55 [DEBUG] - [main] (EntityManagerFactoryUtils.java:435) Closing JPA EntityManager
2018-02-08 15:11:55 [DEBUG] - [main] (SharedEntityManagerCreator.java:289) Creating new EntityManager for shared EntityManager invocation
2018-02-08 15:11:55 [DEBUG] - [main] (EntityManagerFactoryUtils.java:435) Closing JPA EntityManager
2018-02-08 15:12:11 [DEBUG] - [http-nio-8080-exec-2] (OpenEntityManagerInViewInterceptor.java:85) Opening JPA EntityManager in OpenEntityManagerInViewInterceptor
2018-02-08 15:12:11 [DEBUG] - [http-nio-8080-exec-2] (OpenEntityManagerInViewInterceptor.java:110) Closing JPA EntityManager in OpenEntityManagerInViewInterceptor
2018-02-08 15:12:11 [DEBUG] - [http-nio-8080-exec-2] (EntityManagerFactoryUtils.java:435) Closing JPA EntityManager
2018-02-08 15:12:29 [INFO ] - [main] (LocalContainerEntityManagerFactoryBean.java:349) Building JPA container EntityManagerFactory for persistence unit 'default'
2018-02-08 15:12:31 [INFO ] - [main] (AbstractEntityManagerFactoryBean.java:379) Initialized JPA EntityManagerFactory for persistence unit 'default'
2018-02-08 15:12:31 [DEBUG] - [main] (SharedEntityManagerCreator.java:289) Creating new EntityManager for shared EntityManager invocation
2018-02-08 15:12:31 [DEBUG] - [main] (EntityManagerFactoryUtils.java:435) Closing JPA EntityManager
2018-02-08 15:12:31 [DEBUG] - [main] (SharedEntityManagerCreator.java:289) Creating new EntityManager for shared EntityManager invocation
2018-02-08 15:12:31 [DEBUG] - [main] (EntityManagerFactoryUtils.java:435) Closing JPA EntityManager
2018-02-08 15:12:31 [DEBUG] - [main] (SharedEntityManagerCreator.java:289) Creating new EntityManager for shared EntityManager invocation
2018-02-08 15:12:31 [DEBUG] - [main] (EntityManagerFactoryUtils.java:435) Closing JPA EntityManager
2018-02-08 15:12:31 [DEBUG] - [main] (SharedEntityManagerCreator.java:289) Creating new EntityManager for shared EntityManager invocation
2018-02-08 15:12:31 [DEBUG] - [main] (EntityManagerFactoryUtils.java:435) Closing JPA EntityManager
2018-02-08 15:12:31 [DEBUG] - [main] (SharedEntityManagerCreator.java:289) Creating new EntityManager for shared EntityManager invocation
2018-02-08 15:12:31 [DEBUG] - [main] (EntityManagerFactoryUtils.java:435) Closing JPA EntityManager
2018-02-08 15:12:45 [DEBUG] - [http-nio-8080-exec-4] (OpenEntityManagerInViewInterceptor.java:85) Opening JPA EntityManager in OpenEntityManagerInViewInterceptor
2018-02-08 15:12:45 [DEBUG] - [http-nio-8080-exec-4] (OpenEntityManagerInViewInterceptor.java:110) Closing JPA EntityManager in OpenEntityManagerInViewInterceptor
2018-02-08 15:12:45 [DEBUG] - [http-nio-8080-exec-4] (EntityManagerFactoryUtils.java:435) Closing JPA EntityManager
2018-02-08 15:12:54 [DEBUG] - [http-nio-8080-exec-7] (OpenEntityManagerInViewInterceptor.java:85) Opening JPA EntityManager in OpenEntityManagerInViewInterceptor
2018-02-08 15:12:54 [DEBUG] - [http-nio-8080-exec-7] (OpenEntityManagerInViewInterceptor.java:110) Closing JPA EntityManager in OpenEntityManagerInViewInterceptor
2018-02-08 15:12:54 [DEBUG] - [http-nio-8080-exec-7] (EntityManagerFactoryUtils.java:435) Closing JPA EntityManager
2018-02-08 15:13:07 [DEBUG] - [http-nio-8080-exec-2] (OpenEntityManagerInViewInterceptor.java:85) Opening JPA EntityManager in OpenEntityManagerInViewInterceptor
2018-02-08 15:13:07 [DEBUG] - [http-nio-8080-exec-2] (OpenEntityManagerInViewInterceptor.java:110) Closing JPA EntityManager in OpenEntityManagerInViewInterceptor
2018-02-08 15:13:07 [DEBUG] - [http-nio-8080-exec-2] (EntityManagerFactoryUtils.java:435) Closing JPA EntityManager
2018-02-08 15:13:28 [DEBUG] - [http-nio-8080-exec-3] (OpenEntityManagerInViewInterceptor.java:85) Opening JPA EntityManager in OpenEntityManagerInViewInterceptor
2018-02-08 15:13:28 [DEBUG] - [http-nio-8080-exec-3] (OpenEntityManagerInViewInterceptor.java:110) Closing JPA EntityManager in OpenEntityManagerInViewInterceptor
2018-02-08 15:13:28 [DEBUG] - [http-nio-8080-exec-3] (EntityManagerFactoryUtils.java:435) Closing JPA EntityManager
2018-02-08 15:14:11 [DEBUG] - [http-nio-8080-exec-7] (OpenEntityManagerInViewInterceptor.java:85) Opening JPA EntityManager in OpenEntityManagerInViewInterceptor
2018-02-08 15:14:11 [DEBUG] - [http-nio-8080-exec-7] (OpenEntityManagerInViewInterceptor.java:110) Closing JPA EntityManager in OpenEntityManagerInViewInterceptor
2018-02-08 15:14:11 [DEBUG] - [http-nio-8080-exec-7] (EntityManagerFactoryUtils.java:435) Closing JPA EntityManager
2018-02-08 15:14:22 [INFO ] - [main] (LocalContainerEntityManagerFactoryBean.java:349) Building JPA container EntityManagerFactory for persistence unit 'default'
2018-02-08 15:14:24 [INFO ] - [main] (AbstractEntityManagerFactoryBean.java:379) Initialized JPA EntityManagerFactory for persistence unit 'default'
2018-02-08 15:14:24 [DEBUG] - [main] (SharedEntityManagerCreator.java:289) Creating new EntityManager for shared EntityManager invocation
2018-02-08 15:14:24 [DEBUG] - [main] (EntityManagerFactoryUtils.java:435) Closing JPA EntityManager
2018-02-08 15:14:24 [DEBUG] - [main] (SharedEntityManagerCreator.java:289) Creating new EntityManager for shared EntityManager invocation
2018-02-08 15:14:24 [DEBUG] - [main] (EntityManagerFactoryUtils.java:435) Closing JPA EntityManager
2018-02-08 15:14:24 [DEBUG] - [main] (SharedEntityManagerCreator.java:289) Creating new EntityManager for shared EntityManager invocation
2018-02-08 15:14:24 [DEBUG] - [main] (EntityManagerFactoryUtils.java:435) Closing JPA EntityManager
2018-02-08 15:14:24 [DEBUG] - [main] (SharedEntityManagerCreator.java:289) Creating new EntityManager for shared EntityManager invocation
2018-02-08 15:14:24 [DEBUG] - [main] (EntityManagerFactoryUtils.java:435) Closing JPA EntityManager
2018-02-08 15:14:24 [DEBUG] - [main] (SharedEntityManagerCreator.java:289) Creating new EntityManager for shared EntityManager invocation
2018-02-08 15:14:24 [DEBUG] - [main] (EntityManagerFactoryUtils.java:435) Closing JPA EntityManager
2018-02-08 15:14:34 [DEBUG] - [http-nio-8080-exec-1] (OpenEntityManagerInViewInterceptor.java:85) Opening JPA EntityManager in OpenEntityManagerInViewInterceptor
2018-02-08 15:14:34 [DEBUG] - [http-nio-8080-exec-1] (OpenEntityManagerInViewInterceptor.java:110) Closing JPA EntityManager in OpenEntityManagerInViewInterceptor
2018-02-08 15:14:34 [DEBUG] - [http-nio-8080-exec-1] (EntityManagerFactoryUtils.java:435) Closing JPA EntityManager
2018-02-08 15:14:34 [DEBUG] - [http-nio-8080-exec-1] (OpenEntityManagerInViewInterceptor.java:85) Opening JPA EntityManager in OpenEntityManagerInViewInterceptor
2018-02-08 15:14:34 [DEBUG] - [http-nio-8080-exec-1] (OpenEntityManagerInViewInterceptor.java:110) Closing JPA EntityManager in OpenEntityManagerInViewInterceptor
2018-02-08 15:14:34 [DEBUG] - [http-nio-8080-exec-1] (EntityManagerFactoryUtils.java:435) Closing JPA EntityManager
2018-02-08 15:16:01 [INFO ] - [main] (LocalContainerEntityManagerFactoryBean.java:349) Building JPA container EntityManagerFactory for persistence unit 'default'
2018-02-08 15:16:03 [INFO ] - [main] (AbstractEntityManagerFactoryBean.java:379) Initialized JPA EntityManagerFactory for persistence unit 'default'
2018-02-08 15:16:04 [DEBUG] - [main] (SharedEntityManagerCreator.java:289) Creating new EntityManager for shared EntityManager invocation
2018-02-08 15:16:04 [DEBUG] - [main] (EntityManagerFactoryUtils.java:435) Closing JPA EntityManager
2018-02-08 15:16:04 [DEBUG] - [main] (SharedEntityManagerCreator.java:289) Creating new EntityManager for shared EntityManager invocation
2018-02-08 15:16:04 [DEBUG] - [main] (EntityManagerFactoryUtils.java:435) Closing JPA EntityManager
2018-02-08 15:16:04 [DEBUG] - [main] (SharedEntityManagerCreator.java:289) Creating new EntityManager for shared EntityManager invocation
2018-02-08 15:16:04 [DEBUG] - [main] (EntityManagerFactoryUtils.java:435) Closing JPA EntityManager
2018-02-08 15:16:04 [DEBUG] - [main] (SharedEntityManagerCreator.java:289) Creating new EntityManager for shared EntityManager invocation
2018-02-08 15:16:04 [DEBUG] - [main] (EntityManagerFactoryUtils.java:435) Closing JPA EntityManager
2018-02-08 15:16:04 [DEBUG] - [main] (SharedEntityManagerCreator.java:289) Creating new EntityManager for shared EntityManager invocation
2018-02-08 15:16:04 [DEBUG] - [main] (EntityManagerFactoryUtils.java:435) Closing JPA EntityManager
2018-02-08 15:16:13 [DEBUG] - [http-nio-8080-exec-3] (OpenEntityManagerInViewInterceptor.java:85) Opening JPA EntityManager in OpenEntityManagerInViewInterceptor
2018-02-08 15:16:13 [DEBUG] - [http-nio-8080-exec-3] (OpenEntityManagerInViewInterceptor.java:110) Closing JPA EntityManager in OpenEntityManagerInViewInterceptor
2018-02-08 15:16:13 [DEBUG] - [http-nio-8080-exec-3] (EntityManagerFactoryUtils.java:435) Closing JPA EntityManager
2018-02-08 15:16:13 [DEBUG] - [http-nio-8080-exec-3] (OpenEntityManagerInViewInterceptor.java:85) Opening JPA EntityManager in OpenEntityManagerInViewInterceptor
2018-02-08 15:16:13 [DEBUG] - [http-nio-8080-exec-3] (OpenEntityManagerInViewInterceptor.java:110) Closing JPA EntityManager in OpenEntityManagerInViewInterceptor
2018-02-08 15:16:13 [DEBUG] - [http-nio-8080-exec-3] (EntityManagerFactoryUtils.java:435) Closing JPA EntityManager
2018-02-08 15:20:07 [INFO ] - [main] (LocalContainerEntityManagerFactoryBean.java:349) Building JPA container EntityManagerFactory for persistence unit 'default'
2018-02-08 15:20:09 [INFO ] - [main] (AbstractEntityManagerFactoryBean.java:379) Initialized JPA EntityManagerFactory for persistence unit 'default'
2018-02-08 15:20:09 [DEBUG] - [main] (SharedEntityManagerCreator.java:289) Creating new EntityManager for shared EntityManager invocation
2018-02-08 15:20:09 [DEBUG] - [main] (EntityManagerFactoryUtils.java:435) Closing JPA EntityManager
2018-02-08 15:20:09 [DEBUG] - [main] (SharedEntityManagerCreator.java:289) Creating new EntityManager for shared EntityManager invocation
2018-02-08 15:20:09 [DEBUG] - [main] (EntityManagerFactoryUtils.java:435) Closing JPA EntityManager
2018-02-08 15:20:09 [DEBUG] - [main] (SharedEntityManagerCreator.java:289) Creating new EntityManager for shared EntityManager invocation
2018-02-08 15:20:09 [DEBUG] - [main] (EntityManagerFactoryUtils.java:435) Closing JPA EntityManager
2018-02-08 15:20:09 [DEBUG] - [main] (SharedEntityManagerCreator.java:289) Creating new EntityManager for shared EntityManager invocation
2018-02-08 15:20:09 [DEBUG] - [main] (EntityManagerFactoryUtils.java:435) Closing JPA EntityManager
2018-02-08 15:20:09 [DEBUG] - [main] (SharedEntityManagerCreator.java:289) Creating new EntityManager for shared EntityManager invocation
2018-02-08 15:20:09 [DEBUG] - [main] (EntityManagerFactoryUtils.java:435) Closing JPA EntityManager
2018-02-08 15:20:23 [DEBUG] - [http-nio-8080-exec-4] (OpenEntityManagerInViewInterceptor.java:85) Opening JPA EntityManager in OpenEntityManagerInViewInterceptor
2018-02-08 15:20:23 [DEBUG] - [http-nio-8080-exec-4] (OpenEntityManagerInViewInterceptor.java:110) Closing JPA EntityManager in OpenEntityManagerInViewInterceptor
2018-02-08 15:20:23 [DEBUG] - [http-nio-8080-exec-4] (EntityManagerFactoryUtils.java:435) Closing JPA EntityManager
2018-02-08 15:20:23 [DEBUG] - [http-nio-8080-exec-4] (OpenEntityManagerInViewInterceptor.java:85) Opening JPA EntityManager in OpenEntityManagerInViewInterceptor
2018-02-08 15:20:23 [DEBUG] - [http-nio-8080-exec-4] (OpenEntityManagerInViewInterceptor.java:110) Closing JPA EntityManager in OpenEntityManagerInViewInterceptor
2018-02-08 15:20:23 [DEBUG] - [http-nio-8080-exec-4] (EntityManagerFactoryUtils.java:435) Closing JPA EntityManager
2018-02-08 15:22:58 [INFO ] - [main] (LocalContainerEntityManagerFactoryBean.java:349) Building JPA container EntityManagerFactory for persistence unit 'default'
2018-02-08 15:23:00 [INFO ] - [main] (AbstractEntityManagerFactoryBean.java:379) Initialized JPA EntityManagerFactory for persistence unit 'default'
2018-02-08 15:23:00 [DEBUG] - [main] (SharedEntityManagerCreator.java:289) Creating new EntityManager for shared EntityManager invocation
2018-02-08 15:23:00 [DEBUG] - [main] (EntityManagerFactoryUtils.java:435) Closing JPA EntityManager
2018-02-08 15:23:00 [DEBUG] - [main] (SharedEntityManagerCreator.java:289) Creating new EntityManager for shared EntityManager invocation
2018-02-08 15:23:00 [DEBUG] - [main] (EntityManagerFactoryUtils.java:435) Closing JPA EntityManager
2018-02-08 15:23:00 [DEBUG] - [main] (SharedEntityManagerCreator.java:289) Creating new EntityManager for shared EntityManager invocation
2018-02-08 15:23:00 [DEBUG] - [main] (EntityManagerFactoryUtils.java:435) Closing JPA EntityManager
2018-02-08 15:23:00 [DEBUG] - [main] (SharedEntityManagerCreator.java:289) Creating new EntityManager for shared EntityManager invocation
2018-02-08 15:23:00 [DEBUG] - [main] (EntityManagerFactoryUtils.java:435) Closing JPA EntityManager
2018-02-08 15:23:00 [DEBUG] - [main] (SharedEntityManagerCreator.java:289) Creating new EntityManager for shared EntityManager invocation
2018-02-08 15:23:00 [DEBUG] - [main] (EntityManagerFactoryUtils.java:435) Closing JPA EntityManager
2018-02-08 15:23:08 [DEBUG] - [http-nio-8080-exec-2] (OpenEntityManagerInViewInterceptor.java:85) Opening JPA EntityManager in OpenEntityManagerInViewInterceptor
2018-02-08 15:23:18 [DEBUG] - [http-nio-8080-exec-2] (OpenEntityManagerInViewInterceptor.java:110) Closing JPA EntityManager in OpenEntityManagerInViewInterceptor
2018-02-08 15:23:18 [DEBUG] - [http-nio-8080-exec-2] (EntityManagerFactoryUtils.java:435) Closing JPA EntityManager
2018-02-08 16:50:31 [INFO ] - [restartedMain] (LocalContainerEntityManagerFactoryBean.java:349) Building JPA container EntityManagerFactory for persistence unit 'default'
2018-02-08 16:50:33 [INFO ] - [restartedMain] (AbstractEntityManagerFactoryBean.java:379) Initialized JPA EntityManagerFactory for persistence unit 'default'
2018-02-08 16:50:33 [DEBUG] - [restartedMain] (SharedEntityManagerCreator.java:289) Creating new EntityManager for shared EntityManager invocation
2018-02-08 16:50:33 [DEBUG] - [restartedMain] (EntityManagerFactoryUtils.java:435) Closing JPA EntityManager
2018-02-08 16:50:33 [DEBUG] - [restartedMain] (SharedEntityManagerCreator.java:289) Creating new EntityManager for shared EntityManager invocation
2018-02-08 16:50:33 [DEBUG] - [restartedMain] (EntityManagerFactoryUtils.java:435) Closing JPA EntityManager
2018-02-08 16:50:33 [DEBUG] - [restartedMain] (SharedEntityManagerCreator.java:289) Creating new EntityManager for shared EntityManager invocation
2018-02-08 16:50:33 [DEBUG] - [restartedMain] (EntityManagerFactoryUtils.java:435) Closing JPA EntityManager
2018-02-08 16:50:33 [DEBUG] - [restartedMain] (SharedEntityManagerCreator.java:289) Creating new EntityManager for shared EntityManager invocation
2018-02-08 16:50:33 [DEBUG] - [restartedMain] (EntityManagerFactoryUtils.java:435) Closing JPA EntityManager
2018-02-08 16:50:33 [DEBUG] - [restartedMain] (SharedEntityManagerCreator.java:289) Creating new EntityManager for shared EntityManager invocation
2018-02-08 16:50:33 [DEBUG] - [restartedMain] (EntityManagerFactoryUtils.java:435) Closing JPA EntityManager
2018-02-08 16:50:35 [INFO ] - [restartedMain] (AbstractEntityManagerFactoryBean.java:548) Closing JPA EntityManagerFactory for persistence unit 'default'
2018-02-08 16:51:03 [INFO ] - [restartedMain] (LocalContainerEntityManagerFactoryBean.java:349) Building JPA container EntityManagerFactory for persistence unit 'default'
2018-02-08 16:51:05 [INFO ] - [restartedMain] (AbstractEntityManagerFactoryBean.java:379) Initialized JPA EntityManagerFactory for persistence unit 'default'
2018-02-08 16:51:05 [DEBUG] - [restartedMain] (SharedEntityManagerCreator.java:289) Creating new EntityManager for shared EntityManager invocation
2018-02-08 16:51:05 [DEBUG] - [restartedMain] (EntityManagerFactoryUtils.java:435) Closing JPA EntityManager
2018-02-08 16:51:05 [DEBUG] - [restartedMain] (SharedEntityManagerCreator.java:289) Creating new EntityManager for shared EntityManager invocation
2018-02-08 16:51:05 [DEBUG] - [restartedMain] (EntityManagerFactoryUtils.java:435) Closing JPA EntityManager
2018-02-08 16:51:05 [DEBUG] - [restartedMain] (SharedEntityManagerCreator.java:289) Creating new EntityManager for shared EntityManager invocation
2018-02-08 16:51:05 [DEBUG] - [restartedMain] (EntityManagerFactoryUtils.java:435) Closing JPA EntityManager
2018-02-08 16:51:05 [DEBUG] - [restartedMain] (SharedEntityManagerCreator.java:289) Creating new EntityManager for shared EntityManager invocation
2018-02-08 16:51:05 [DEBUG] - [restartedMain] (EntityManagerFactoryUtils.java:435) Closing JPA EntityManager
2018-02-08 16:51:05 [DEBUG] - [restartedMain] (SharedEntityManagerCreator.java:289) Creating new EntityManager for shared EntityManager invocation
2018-02-08 16:51:05 [DEBUG] - [restartedMain] (EntityManagerFactoryUtils.java:435) Closing JPA EntityManager
2018-02-08 16:53:15 [INFO ] - [restartedMain] (LocalContainerEntityManagerFactoryBean.java:349) Building JPA container EntityManagerFactory for persistence unit 'default'
2018-02-08 16:53:17 [INFO ] - [restartedMain] (AbstractEntityManagerFactoryBean.java:379) Initialized JPA EntityManagerFactory for persistence unit 'default'
2018-02-08 16:53:17 [DEBUG] - [restartedMain] (SharedEntityManagerCreator.java:289) Creating new EntityManager for shared EntityManager invocation
2018-02-08 16:53:17 [DEBUG] - [restartedMain] (EntityManagerFactoryUtils.java:435) Closing JPA EntityManager
2018-02-08 16:53:17 [DEBUG] - [restartedMain] (SharedEntityManagerCreator.java:289) Creating new EntityManager for shared EntityManager invocation
2018-02-08 16:53:17 [DEBUG] - [restartedMain] (EntityManagerFactoryUtils.java:435) Closing JPA EntityManager
2018-02-08 16:53:17 [DEBUG] - [restartedMain] (SharedEntityManagerCreator.java:289) Creating new EntityManager for shared EntityManager invocation
2018-02-08 16:53:17 [DEBUG] - [restartedMain] (EntityManagerFactoryUtils.java:435) Closing JPA EntityManager
2018-02-08 16:53:17 [DEBUG] - [restartedMain] (SharedEntityManagerCreator.java:289) Creating new EntityManager for shared EntityManager invocation
2018-02-08 16:53:17 [DEBUG] - [restartedMain] (EntityManagerFactoryUtils.java:435) Closing JPA EntityManager
2018-02-08 16:53:17 [DEBUG] - [restartedMain] (SharedEntityManagerCreator.java:289) Creating new EntityManager for shared EntityManager invocation
2018-02-08 16:53:17 [DEBUG] - [restartedMain] (EntityManagerFactoryUtils.java:435) Closing JPA EntityManager
2018-02-08 16:54:22 [INFO ] - [Thread-7] (AbstractEntityManagerFactoryBean.java:548) Closing JPA EntityManagerFactory for persistence unit 'default'
2018-02-08 16:54:46 [INFO ] - [restartedMain] (LocalContainerEntityManagerFactoryBean.java:349) Building JPA container EntityManagerFactory for persistence unit 'default'
2018-02-08 16:54:47 [INFO ] - [restartedMain] (AbstractEntityManagerFactoryBean.java:379) Initialized JPA EntityManagerFactory for persistence unit 'default'
2018-02-08 16:54:47 [DEBUG] - [restartedMain] (SharedEntityManagerCreator.java:289) Creating new EntityManager for shared EntityManager invocation
2018-02-08 16:54:47 [DEBUG] - [restartedMain] (EntityManagerFactoryUtils.java:435) Closing JPA EntityManager
2018-02-08 16:54:47 [DEBUG] - [restartedMain] (SharedEntityManagerCreator.java:289) Creating new EntityManager for shared EntityManager invocation
2018-02-08 16:54:47 [DEBUG] - [restartedMain] (EntityManagerFactoryUtils.java:435) Closing JPA EntityManager
2018-02-08 16:54:47 [DEBUG] - [restartedMain] (SharedEntityManagerCreator.java:289) Creating new EntityManager for shared EntityManager invocation
2018-02-08 16:54:47 [DEBUG] - [restartedMain] (EntityManagerFactoryUtils.java:435) Closing JPA EntityManager
2018-02-08 16:54:47 [DEBUG] - [restartedMain] (SharedEntityManagerCreator.java:289) Creating new EntityManager for shared EntityManager invocation
2018-02-08 16:54:47 [DEBUG] - [restartedMain] (EntityManagerFactoryUtils.java:435) Closing JPA EntityManager
2018-02-08 16:54:47 [DEBUG] - [restartedMain] (SharedEntityManagerCreator.java:289) Creating new EntityManager for shared EntityManager invocation
2018-02-08 16:54:47 [DEBUG] - [restartedMain] (EntityManagerFactoryUtils.java:435) Closing JPA EntityManager
2018-02-08 17:01:22 [INFO ] - [restartedMain] (LocalContainerEntityManagerFactoryBean.java:349) Building JPA container EntityManagerFactory for persistence unit 'default'
2018-02-08 17:01:24 [INFO ] - [restartedMain] (AbstractEntityManagerFactoryBean.java:379) Initialized JPA EntityManagerFactory for persistence unit 'default'
2018-02-08 17:01:24 [DEBUG] - [restartedMain] (SharedEntityManagerCreator.java:289) Creating new EntityManager for shared EntityManager invocation
2018-02-08 17:01:24 [DEBUG] - [restartedMain] (EntityManagerFactoryUtils.java:435) Closing JPA EntityManager
2018-02-08 17:01:24 [DEBUG] - [restartedMain] (SharedEntityManagerCreator.java:289) Creating new EntityManager for shared EntityManager invocation
2018-02-08 17:01:24 [DEBUG] - [restartedMain] (EntityManagerFactoryUtils.java:435) Closing JPA EntityManager
2018-02-08 17:01:24 [DEBUG] - [restartedMain] (SharedEntityManagerCreator.java:289) Creating new EntityManager for shared EntityManager invocation
2018-02-08 17:01:24 [DEBUG] - [restartedMain] (EntityManagerFactoryUtils.java:435) Closing JPA EntityManager
2018-02-08 17:01:24 [DEBUG] - [restartedMain] (SharedEntityManagerCreator.java:289) Creating new EntityManager for shared EntityManager invocation
2018-02-08 17:01:24 [DEBUG] - [restartedMain] (EntityManagerFactoryUtils.java:435) Closing JPA EntityManager
2018-02-08 17:01:24 [DEBUG] - [restartedMain] (SharedEntityManagerCreator.java:289) Creating new EntityManager for shared EntityManager invocation
2018-02-08 17:01:24 [DEBUG] - [restartedMain] (EntityManagerFactoryUtils.java:435) Closing JPA EntityManager
2018-02-08 17:05:03 [INFO ] - [Thread-7] (AbstractEntityManagerFactoryBean.java:548) Closing JPA EntityManagerFactory for persistence unit 'default'
2018-02-08 17:05:05 [INFO ] - [restartedMain] (LocalContainerEntityManagerFactoryBean.java:349) Building JPA container EntityManagerFactory for persistence unit 'default'
2018-02-08 17:05:05 [INFO ] - [restartedMain] (AbstractEntityManagerFactoryBean.java:379) Initialized JPA EntityManagerFactory for persistence unit 'default'
2018-02-08 17:05:05 [DEBUG] - [restartedMain] (SharedEntityManagerCreator.java:289) Creating new EntityManager for shared EntityManager invocation
2018-02-08 17:05:05 [DEBUG] - [restartedMain] (EntityManagerFactoryUtils.java:435) Closing JPA EntityManager
2018-02-08 17:05:05 [DEBUG] - [restartedMain] (SharedEntityManagerCreator.java:289) Creating new EntityManager for shared EntityManager invocation
2018-02-08 17:05:05 [DEBUG] - [restartedMain] (EntityManagerFactoryUtils.java:435) Closing JPA EntityManager
2018-02-08 17:05:05 [DEBUG] - [restartedMain] (SharedEntityManagerCreator.java:289) Creating new EntityManager for shared EntityManager invocation
2018-02-08 17:05:05 [DEBUG] - [restartedMain] (EntityManagerFactoryUtils.java:435) Closing JPA EntityManager
2018-02-08 17:05:25 [INFO ] - [restartedMain] (LocalContainerEntityManagerFactoryBean.java:349) Building JPA container EntityManagerFactory for persistence unit 'default'
2018-02-08 17:05:26 [INFO ] - [restartedMain] (AbstractEntityManagerFactoryBean.java:379) Initialized JPA EntityManagerFactory for persistence unit 'default'
2018-02-08 17:05:26 [DEBUG] - [restartedMain] (SharedEntityManagerCreator.java:289) Creating new EntityManager for shared EntityManager invocation
2018-02-08 17:05:27 [DEBUG] - [restartedMain] (EntityManagerFactoryUtils.java:435) Closing JPA EntityManager
2018-02-08 17:05:27 [DEBUG] - [restartedMain] (SharedEntityManagerCreator.java:289) Creating new EntityManager for shared EntityManager invocation
2018-02-08 17:05:27 [DEBUG] - [restartedMain] (EntityManagerFactoryUtils.java:435) Closing JPA EntityManager
2018-02-08 17:05:27 [DEBUG] - [restartedMain] (SharedEntityManagerCreator.java:289) Creating new EntityManager for shared EntityManager invocation
2018-02-08 17:05:27 [DEBUG] - [restartedMain] (EntityManagerFactoryUtils.java:435) Closing JPA EntityManager
2018-02-08 17:05:27 [DEBUG] - [restartedMain] (SharedEntityManagerCreator.java:289) Creating new EntityManager for shared EntityManager invocation
2018-02-08 17:05:27 [DEBUG] - [restartedMain] (EntityManagerFactoryUtils.java:435) Closing JPA EntityManager
2018-02-08 17:05:27 [DEBUG] - [restartedMain] (SharedEntityManagerCreator.java:289) Creating new EntityManager for shared EntityManager invocation
2018-02-08 17:05:27 [DEBUG] - [restartedMain] (EntityManagerFactoryUtils.java:435) Closing JPA EntityManager
2018-02-08 17:15:34 [INFO ] - [restartedMain] (LocalContainerEntityManagerFactoryBean.java:349) Building JPA container EntityManagerFactory for persistence unit 'default'
2018-02-08 17:15:36 [INFO ] - [restartedMain] (AbstractEntityManagerFactoryBean.java:379) Initialized JPA EntityManagerFactory for persistence unit 'default'
2018-02-08 17:15:36 [DEBUG] - [restartedMain] (SharedEntityManagerCreator.java:289) Creating new EntityManager for shared EntityManager invocation
2018-02-08 17:15:36 [DEBUG] - [restartedMain] (EntityManagerFactoryUtils.java:435) Closing JPA EntityManager
2018-02-08 17:15:36 [DEBUG] - [restartedMain] (SharedEntityManagerCreator.java:289) Creating new EntityManager for shared EntityManager invocation
2018-02-08 17:15:36 [DEBUG] - [restartedMain] (EntityManagerFactoryUtils.java:435) Closing JPA EntityManager
2018-02-08 17:15:36 [DEBUG] - [restartedMain] (SharedEntityManagerCreator.java:289) Creating new EntityManager for shared EntityManager invocation
2018-02-08 17:15:36 [DEBUG] - [restartedMain] (EntityManagerFactoryUtils.java:435) Closing JPA EntityManager
2018-02-08 17:15:36 [DEBUG] - [restartedMain] (SharedEntityManagerCreator.java:289) Creating new EntityManager for shared EntityManager invocation
2018-02-08 17:15:36 [DEBUG] - [restartedMain] (EntityManagerFactoryUtils.java:435) Closing JPA EntityManager
2018-02-08 17:15:36 [DEBUG] - [restartedMain] (SharedEntityManagerCreator.java:289) Creating new EntityManager for shared EntityManager invocation
2018-02-08 17:15:36 [DEBUG] - [restartedMain] (EntityManagerFactoryUtils.java:435) Closing JPA EntityManager
2018-02-08 17:17:24 [INFO ] - [restartedMain] (LocalContainerEntityManagerFactoryBean.java:349) Building JPA container EntityManagerFactory for persistence unit 'default'
2018-02-08 17:17:26 [INFO ] - [restartedMain] (AbstractEntityManagerFactoryBean.java:379) Initialized JPA EntityManagerFactory for persistence unit 'default'
2018-02-08 17:17:26 [DEBUG] - [restartedMain] (SharedEntityManagerCreator.java:289) Creating new EntityManager for shared EntityManager invocation
2018-02-08 17:17:26 [DEBUG] - [restartedMain] (EntityManagerFactoryUtils.java:435) Closing JPA EntityManager
2018-02-08 17:17:26 [DEBUG] - [restartedMain] (SharedEntityManagerCreator.java:289) Creating new EntityManager for shared EntityManager invocation
2018-02-08 17:17:26 [DEBUG] - [restartedMain] (EntityManagerFactoryUtils.java:435) Closing JPA EntityManager
2018-02-08 17:17:26 [DEBUG] - [restartedMain] (SharedEntityManagerCreator.java:289) Creating new EntityManager for shared EntityManager invocation
2018-02-08 17:17:26 [DEBUG] - [restartedMain] (EntityManagerFactoryUtils.java:435) Closing JPA EntityManager
2018-02-08 17:17:27 [DEBUG] - [restartedMain] (SharedEntityManagerCreator.java:289) Creating new EntityManager for shared EntityManager invocation
2018-02-08 17:17:27 [DEBUG] - [restartedMain] (EntityManagerFactoryUtils.java:435) Closing JPA EntityManager
2018-02-08 17:17:27 [DEBUG] - [restartedMain] (SharedEntityManagerCreator.java:289) Creating new EntityManager for shared EntityManager invocation
2018-02-08 17:17:27 [DEBUG] - [restartedMain] (EntityManagerFactoryUtils.java:435) Closing JPA EntityManager
2018-02-08 17:18:01 [INFO ] - [Thread-7] (AbstractEntityManagerFactoryBean.java:548) Closing JPA EntityManagerFactory for persistence unit 'default'
2018-02-08 17:18:03 [INFO ] - [restartedMain] (LocalContainerEntityManagerFactoryBean.java:349) Building JPA container EntityManagerFactory for persistence unit 'default'
2018-02-08 17:18:04 [INFO ] - [restartedMain] (AbstractEntityManagerFactoryBean.java:379) Initialized JPA EntityManagerFactory for persistence unit 'default'
2018-02-08 17:18:04 [DEBUG] - [restartedMain] (SharedEntityManagerCreator.java:289) Creating new EntityManager for shared EntityManager invocation
2018-02-08 17:18:04 [DEBUG] - [restartedMain] (EntityManagerFactoryUtils.java:435) Closing JPA EntityManager
2018-02-08 17:18:04 [DEBUG] - [restartedMain] (SharedEntityManagerCreator.java:289) Creating new EntityManager for shared EntityManager invocation
2018-02-08 17:18:04 [DEBUG] - [restartedMain] (EntityManagerFactoryUtils.java:435) Closing JPA EntityManager
2018-02-08 17:18:04 [DEBUG] - [restartedMain] (SharedEntityManagerCreator.java:289) Creating new EntityManager for shared EntityManager invocation
2018-02-08 17:18:04 [DEBUG] - [restartedMain] (EntityManagerFactoryUtils.java:435) Closing JPA EntityManager
2018-02-08 17:18:18 [INFO ] - [restartedMain] (LocalContainerEntityManagerFactoryBean.java:349) Building JPA container EntityManagerFactory for persistence unit 'default'
2018-02-08 17:18:20 [INFO ] - [restartedMain] (AbstractEntityManagerFactoryBean.java:379) Initialized JPA EntityManagerFactory for persistence unit 'default'
2018-02-08 17:18:20 [DEBUG] - [restartedMain] (SharedEntityManagerCreator.java:289) Creating new EntityManager for shared EntityManager invocation
2018-02-08 17:18:20 [DEBUG] - [restartedMain] (EntityManagerFactoryUtils.java:435) Closing JPA EntityManager
2018-02-08 17:18:20 [DEBUG] - [restartedMain] (SharedEntityManagerCreator.java:289) Creating new EntityManager for shared EntityManager invocation
2018-02-08 17:18:20 [DEBUG] - [restartedMain] (EntityManagerFactoryUtils.java:435) Closing JPA EntityManager
2018-02-08 17:18:20 [DEBUG] - [restartedMain] (SharedEntityManagerCreator.java:289) Creating new EntityManager for shared EntityManager invocation
2018-02-08 17:18:20 [DEBUG] - [restartedMain] (EntityManagerFactoryUtils.java:435) Closing JPA EntityManager
2018-02-08 17:18:20 [DEBUG] - [restartedMain] (SharedEntityManagerCreator.java:289) Creating new EntityManager for shared EntityManager invocation
2018-02-08 17:18:20 [DEBUG] - [restartedMain] (EntityManagerFactoryUtils.java:435) Closing JPA EntityManager
2018-02-08 17:18:20 [DEBUG] - [restartedMain] (SharedEntityManagerCreator.java:289) Creating new EntityManager for shared EntityManager invocation
2018-02-08 17:18:20 [DEBUG] - [restartedMain] (EntityManagerFactoryUtils.java:435) Closing JPA EntityManager
2018-02-08 17:21:10 [INFO ] - [Thread-7] (AbstractEntityManagerFactoryBean.java:548) Closing JPA EntityManagerFactory for persistence unit 'default'
2018-02-08 17:21:12 [INFO ] - [restartedMain] (LocalContainerEntityManagerFactoryBean.java:349) Building JPA container EntityManagerFactory for persistence unit 'default'
2018-02-08 17:21:13 [INFO ] - [restartedMain] (AbstractEntityManagerFactoryBean.java:379) Initialized JPA EntityManagerFactory for persistence unit 'default'
2018-02-08 17:21:13 [DEBUG] - [restartedMain] (SharedEntityManagerCreator.java:289) Creating new EntityManager for shared EntityManager invocation
2018-02-08 17:21:13 [DEBUG] - [restartedMain] (EntityManagerFactoryUtils.java:435) Closing JPA EntityManager
2018-02-08 17:21:13 [DEBUG] - [restartedMain] (SharedEntityManagerCreator.java:289) Creating new EntityManager for shared EntityManager invocation
2018-02-08 17:21:13 [DEBUG] - [restartedMain] (EntityManagerFactoryUtils.java:435) Closing JPA EntityManager
2018-02-08 17:21:13 [DEBUG] - [restartedMain] (SharedEntityManagerCreator.java:289) Creating new EntityManager for shared EntityManager invocation
2018-02-08 17:21:13 [DEBUG] - [restartedMain] (EntityManagerFactoryUtils.java:435) Closing JPA EntityManager
2018-02-08 17:28:31 [INFO ] - [restartedMain] (LocalContainerEntityManagerFactoryBean.java:349) Building JPA container EntityManagerFactory for persistence unit 'default'
2018-02-08 17:28:33 [INFO ] - [restartedMain] (AbstractEntityManagerFactoryBean.java:379) Initialized JPA EntityManagerFactory for persistence unit 'default'
2018-02-08 17:28:33 [DEBUG] - [restartedMain] (SharedEntityManagerCreator.java:289) Creating new EntityManager for shared EntityManager invocation
2018-02-08 17:28:33 [DEBUG] - [restartedMain] (EntityManagerFactoryUtils.java:435) Closing JPA EntityManager
2018-02-08 17:28:33 [DEBUG] - [restartedMain] (SharedEntityManagerCreator.java:289) Creating new EntityManager for shared EntityManager invocation
2018-02-08 17:28:33 [DEBUG] - [restartedMain] (EntityManagerFactoryUtils.java:435) Closing JPA EntityManager
2018-02-08 17:28:33 [DEBUG] - [restartedMain] (SharedEntityManagerCreator.java:289) Creating new EntityManager for shared EntityManager invocation
2018-02-08 17:28:33 [DEBUG] - [restartedMain] (EntityManagerFactoryUtils.java:435) Closing JPA EntityManager
2018-02-08 17:28:33 [DEBUG] - [restartedMain] (SharedEntityManagerCreator.java:289) Creating new EntityManager for shared EntityManager invocation
2018-02-08 17:28:33 [DEBUG] - [restartedMain] (EntityManagerFactoryUtils.java:435) Closing JPA EntityManager
2018-02-08 17:28:33 [DEBUG] - [restartedMain] (SharedEntityManagerCreator.java:289) Creating new EntityManager for shared EntityManager invocation
2018-02-08 17:28:33 [DEBUG] - [restartedMain] (EntityManagerFactoryUtils.java:435) Closing JPA EntityManager
2018-02-08 17:40:54 [INFO ] - [restartedMain] (LocalContainerEntityManagerFactoryBean.java:349) Building JPA container EntityManagerFactory for persistence unit 'default'
2018-02-08 17:40:56 [INFO ] - [restartedMain] (AbstractEntityManagerFactoryBean.java:379) Initialized JPA EntityManagerFactory for persistence unit 'default'
2018-02-08 17:40:56 [DEBUG] - [restartedMain] (SharedEntityManagerCreator.java:289) Creating new EntityManager for shared EntityManager invocation
2018-02-08 17:40:56 [DEBUG] - [restartedMain] (EntityManagerFactoryUtils.java:435) Closing JPA EntityManager
2018-02-08 17:40:56 [DEBUG] - [restartedMain] (SharedEntityManagerCreator.java:289) Creating new EntityManager for shared EntityManager invocation
2018-02-08 17:40:56 [DEBUG] - [restartedMain] (EntityManagerFactoryUtils.java:435) Closing JPA EntityManager
2018-02-08 17:40:56 [DEBUG] - [restartedMain] (SharedEntityManagerCreator.java:289) Creating new EntityManager for shared EntityManager invocation
2018-02-08 17:40:56 [DEBUG] - [restartedMain] (EntityManagerFactoryUtils.java:435) Closing JPA EntityManager
2018-02-08 17:40:56 [DEBUG] - [restartedMain] (SharedEntityManagerCreator.java:289) Creating new EntityManager for shared EntityManager invocation
2018-02-08 17:40:56 [DEBUG] - [restartedMain] (EntityManagerFactoryUtils.java:435) Closing JPA EntityManager
2018-02-08 17:40:56 [DEBUG] - [restartedMain] (SharedEntityManagerCreator.java:289) Creating new EntityManager for shared EntityManager invocation
2018-02-08 17:40:56 [DEBUG] - [restartedMain] (EntityManagerFactoryUtils.java:435) Closing JPA EntityManager
2018-02-08 17:45:42 [INFO ] - [restartedMain] (LocalContainerEntityManagerFactoryBean.java:349) Building JPA container EntityManagerFactory for persistence unit 'default'
2018-02-08 17:45:43 [INFO ] - [restartedMain] (AbstractEntityManagerFactoryBean.java:379) Initialized JPA EntityManagerFactory for persistence unit 'default'
2018-02-08 17:45:44 [DEBUG] - [restartedMain] (SharedEntityManagerCreator.java:289) Creating new EntityManager for shared EntityManager invocation
2018-02-08 17:45:44 [DEBUG] - [restartedMain] (EntityManagerFactoryUtils.java:435) Closing JPA EntityManager
2018-02-08 17:45:44 [DEBUG] - [restartedMain] (SharedEntityManagerCreator.java:289) Creating new EntityManager for shared EntityManager invocation
2018-02-08 17:45:44 [DEBUG] - [restartedMain] (EntityManagerFactoryUtils.java:435) Closing JPA EntityManager
2018-02-08 17:45:44 [DEBUG] - [restartedMain] (SharedEntityManagerCreator.java:289) Creating new EntityManager for shared EntityManager invocation
2018-02-08 17:45:44 [DEBUG] - [restartedMain] (EntityManagerFactoryUtils.java:435) Closing JPA EntityManager
2018-02-08 17:45:44 [DEBUG] - [restartedMain] (SharedEntityManagerCreator.java:289) Creating new EntityManager for shared EntityManager invocation
2018-02-08 17:45:44 [DEBUG] - [restartedMain] (EntityManagerFactoryUtils.java:435) Closing JPA EntityManager
2018-02-08 17:45:44 [DEBUG] - [restartedMain] (SharedEntityManagerCreator.java:289) Creating new EntityManager for shared EntityManager invocation
2018-02-08 17:45:44 [DEBUG] - [restartedMain] (EntityManagerFactoryUtils.java:435) Closing JPA EntityManager
2018-02-09 13:46:56 [INFO ] - [restartedMain] (LocalContainerEntityManagerFactoryBean.java:349) Building JPA container EntityManagerFactory for persistence unit 'default'
2018-02-09 13:46:58 [INFO ] - [restartedMain] (AbstractEntityManagerFactoryBean.java:379) Initialized JPA EntityManagerFactory for persistence unit 'default'
2018-02-09 13:46:58 [DEBUG] - [restartedMain] (SharedEntityManagerCreator.java:289) Creating new EntityManager for shared EntityManager invocation
2018-02-09 13:46:58 [DEBUG] - [restartedMain] (EntityManagerFactoryUtils.java:435) Closing JPA EntityManager
2018-02-09 13:46:58 [DEBUG] - [restartedMain] (SharedEntityManagerCreator.java:289) Creating new EntityManager for shared EntityManager invocation
2018-02-09 13:46:58 [DEBUG] - [restartedMain] (EntityManagerFactoryUtils.java:435) Closing JPA EntityManager
2018-02-09 13:46:58 [DEBUG] - [restartedMain] (SharedEntityManagerCreator.java:289) Creating new EntityManager for shared EntityManager invocation
2018-02-09 13:46:58 [DEBUG] - [restartedMain] (EntityManagerFactoryUtils.java:435) Closing JPA EntityManager
2018-02-09 13:46:58 [DEBUG] - [restartedMain] (SharedEntityManagerCreator.java:289) Creating new EntityManager for shared EntityManager invocation
2018-02-09 13:46:58 [DEBUG] - [restartedMain] (EntityManagerFactoryUtils.java:435) Closing JPA EntityManager
2018-02-09 13:46:58 [DEBUG] - [restartedMain] (SharedEntityManagerCreator.java:289) Creating new EntityManager for shared EntityManager invocation
2018-02-09 13:46:58 [DEBUG] - [restartedMain] (EntityManagerFactoryUtils.java:435) Closing JPA EntityManager
2018-02-09 14:04:15 [INFO ] - [restartedMain] (LocalContainerEntityManagerFactoryBean.java:349) Building JPA container EntityManagerFactory for persistence unit 'default'
2018-02-09 14:04:17 [INFO ] - [restartedMain] (AbstractEntityManagerFactoryBean.java:379) Initialized JPA EntityManagerFactory for persistence unit 'default'
2018-02-09 14:04:17 [DEBUG] - [restartedMain] (SharedEntityManagerCreator.java:289) Creating new EntityManager for shared EntityManager invocation
2018-02-09 14:04:17 [DEBUG] - [restartedMain] (EntityManagerFactoryUtils.java:435) Closing JPA EntityManager
2018-02-09 14:04:17 [DEBUG] - [restartedMain] (SharedEntityManagerCreator.java:289) Creating new EntityManager for shared EntityManager invocation
2018-02-09 14:04:17 [DEBUG] - [restartedMain] (EntityManagerFactoryUtils.java:435) Closing JPA EntityManager
2018-02-09 14:04:17 [DEBUG] - [restartedMain] (SharedEntityManagerCreator.java:289) Creating new EntityManager for shared EntityManager invocation
2018-02-09 14:04:17 [DEBUG] - [restartedMain] (EntityManagerFactoryUtils.java:435) Closing JPA EntityManager
2018-02-09 14:04:17 [DEBUG] - [restartedMain] (SharedEntityManagerCreator.java:289) Creating new EntityManager for shared EntityManager invocation
2018-02-09 14:04:17 [DEBUG] - [restartedMain] (EntityManagerFactoryUtils.java:435) Closing JPA EntityManager
2018-02-09 14:04:18 [DEBUG] - [restartedMain] (SharedEntityManagerCreator.java:289) Creating new EntityManager for shared EntityManager invocation
2018-02-09 14:04:18 [DEBUG] - [restartedMain] (EntityManagerFactoryUtils.java:435) Closing JPA EntityManager
