2018-02-07 20:51:46 [INFO ] - [main] (StartupInfoLogger.java:48) Starting WebAppBootstrap on zj-laptop-work with PID 18320 (C:\WorkBench\idea_workspace\TaxAutoSystem\TaxEntryWeb\target\classes started by zhuji in C:\WorkBench\idea_workspace\TaxAutoSystem)
2018-02-07 20:51:46 [DEBUG] - [main] (StartupInfoLogger.java:51) Running with Spring Boot v1.5.6.RELEASE, Spring v4.3.10.RELEASE
2018-02-07 20:51:46 [INFO ] - [main] (SpringApplication.java:597) The following profiles are active: dev
2018-02-07 20:57:32 [INFO ] - [main] (StartupInfoLogger.java:48) Starting WebAppBootstrap on zj-laptop-work with PID 20588 (C:\WorkBench\idea_workspace\TaxAutoSystem\TaxEntryWeb\target\classes started by zhuji in C:\WorkBench\idea_workspace\TaxAutoSystem)
2018-02-07 20:57:32 [DEBUG] - [main] (StartupInfoLogger.java:51) Running with Spring Boot v1.5.6.RELEASE, Spring v4.3.10.RELEASE
2018-02-07 20:57:32 [INFO ] - [main] (SpringApplication.java:597) The following profiles are active: dev
2018-02-07 21:06:44 [INFO ] - [main] (StartupInfoLogger.java:48) Starting WebAppBootstrap on zj-laptop-work with PID 19988 (C:\WorkBench\idea_workspace\TaxAutoSystem\TaxEntryWeb\target\classes started by zhuji in C:\WorkBench\idea_workspace\TaxAutoSystem)
2018-02-07 21:06:44 [DEBUG] - [main] (StartupInfoLogger.java:51) Running with Spring Boot v1.5.6.RELEASE, Spring v4.3.10.RELEASE
2018-02-07 21:06:44 [INFO ] - [main] (SpringApplication.java:597) The following profiles are active: dev
2018-02-07 21:16:33 [INFO ] - [main] (StartupInfoLogger.java:48) Starting WebAppBootstrap on zj-laptop-work with PID 9316 (C:\WorkBench\idea_workspace\TaxAutoSystem\TaxEntryWeb\target\classes started by zhuji in C:\WorkBench\idea_workspace\TaxAutoSystem)
2018-02-07 21:16:33 [DEBUG] - [main] (StartupInfoLogger.java:51) Running with Spring Boot v1.5.6.RELEASE, Spring v4.3.10.RELEASE
2018-02-07 21:16:33 [INFO ] - [main] (SpringApplication.java:597) The following profiles are active: dev
2018-02-07 21:20:22 [INFO ] - [main] (StartupInfoLogger.java:48) Starting WebAppBootstrap on zj-laptop-work with PID 5040 (C:\WorkBench\idea_workspace\TaxAutoSystem\TaxEntryWeb\target\classes started by zhuji in C:\WorkBench\idea_workspace\TaxAutoSystem)
2018-02-07 21:20:22 [DEBUG] - [main] (StartupInfoLogger.java:51) Running with Spring Boot v1.5.6.RELEASE, Spring v4.3.10.RELEASE
2018-02-07 21:20:22 [INFO ] - [main] (SpringApplication.java:597) The following profiles are active: dev
2018-02-07 21:20:26 [DEBUG] - [main] (ApplicationContextProvider.java:45) ========ApplicationContext config success ,在普通类可以通过调用ApplicationContextProvider.getApplicationContext()获取applicationContext对象,ApplicationContext=org.springframework.boot.context.embedded.AnnotationConfigEmbeddedWebApplicationContext@4d39a005: startup date [Wed Feb 07 21:20:22 CST 2018]; root of context hierarchy========
2018-02-07 21:20:28 [INFO ] - [main] (StartupInfoLogger.java:57) Started WebAppBootstrap in 6.148 seconds (JVM running for 7.094)
2018-02-07 21:28:07 [INFO ] - [main] (StartupInfoLogger.java:48) Starting WebAppBootstrap on zj-laptop-work with PID 16888 (C:\WorkBench\idea_workspace\TaxAutoSystem\TaxEntryWeb\target\classes started by zhuji in C:\WorkBench\idea_workspace\TaxAutoSystem)
2018-02-07 21:28:07 [DEBUG] - [main] (StartupInfoLogger.java:51) Running with Spring Boot v1.5.6.RELEASE, Spring v4.3.10.RELEASE
2018-02-07 21:28:07 [INFO ] - [main] (SpringApplication.java:597) The following profiles are active: dev
2018-02-07 21:28:11 [DEBUG] - [main] (ApplicationContextProvider.java:45) ========ApplicationContext config success ,在普通类可以通过调用ApplicationContextProvider.getApplicationContext()获取applicationContext对象,ApplicationContext=org.springframework.boot.context.embedded.AnnotationConfigEmbeddedWebApplicationContext@1efd01b1: startup date [Wed Feb 07 21:28:07 CST 2018]; root of context hierarchy========
2018-02-07 21:28:13 [INFO ] - [main] (StartupInfoLogger.java:57) Started WebAppBootstrap in 6.17 seconds (JVM running for 7.026)
2018-02-07 22:31:12 [INFO ] - [main] (StartupInfoLogger.java:48) Starting WebAppBootstrap on zj-laptop-work with PID 7876 (C:\WorkBench\idea_workspace\TaxAutoSystem\TaxEntryWeb\target\classes started by zhuji in C:\WorkBench\idea_workspace\TaxAutoSystem)
2018-02-07 22:31:12 [DEBUG] - [main] (StartupInfoLogger.java:51) Running with Spring Boot v1.5.6.RELEASE, Spring v4.3.10.RELEASE
2018-02-07 22:31:12 [INFO ] - [main] (SpringApplication.java:597) The following profiles are active: dev
2018-02-07 22:31:17 [DEBUG] - [main] (ApplicationContextProvider.java:45) ========ApplicationContext config success ,在普通类可以通过调用ApplicationContextProvider.getApplicationContext()获取applicationContext对象,ApplicationContext=org.springframework.boot.context.embedded.AnnotationConfigEmbeddedWebApplicationContext@2ec07b39: startup date [Wed Feb 07 22:31:12 CST 2018]; root of context hierarchy========
2018-02-07 22:31:19 [INFO ] - [main] (StartupInfoLogger.java:57) Started WebAppBootstrap in 8.132 seconds (JVM running for 9.255)
2018-02-07 22:33:09 [INFO ] - [main] (StartupInfoLogger.java:48) Starting WebAppBootstrap on zj-laptop-work with PID 17956 (C:\WorkBench\idea_workspace\TaxAutoSystem\TaxEntryWeb\target\classes started by zhuji in C:\WorkBench\idea_workspace\TaxAutoSystem)
2018-02-07 22:33:09 [DEBUG] - [main] (StartupInfoLogger.java:51) Running with Spring Boot v1.5.6.RELEASE, Spring v4.3.10.RELEASE
2018-02-07 22:33:09 [INFO ] - [main] (SpringApplication.java:597) The following profiles are active: dev
2018-02-07 22:33:15 [DEBUG] - [main] (ApplicationContextProvider.java:45) ========ApplicationContext config success ,在普通类可以通过调用ApplicationContextProvider.getApplicationContext()获取applicationContext对象,ApplicationContext=org.springframework.boot.context.embedded.AnnotationConfigEmbeddedWebApplicationContext@c486d3b: startup date [Wed Feb 07 22:33:09 CST 2018]; root of context hierarchy========
2018-02-07 22:33:17 [INFO ] - [main] (StartupInfoLogger.java:57) Started WebAppBootstrap in 7.818 seconds (JVM running for 8.688)
2018-02-08 14:37:04 [INFO ] - [main] (StartupInfoLogger.java:48) Starting WebAppBootstrap on zj-laptop-work with PID 13472 (C:\WorkBench\idea_workspace\TaxAutoSystem\TaxEntryWeb\target\classes started by zhuji in C:\WorkBench\idea_workspace\TaxAutoSystem)
2018-02-08 14:37:04 [DEBUG] - [main] (StartupInfoLogger.java:51) Running with Spring Boot v1.5.6.RELEASE, Spring v4.3.10.RELEASE
2018-02-08 14:37:04 [INFO ] - [main] (SpringApplication.java:597) The following profiles are active: dev
2018-02-08 14:42:50 [INFO ] - [main] (StartupInfoLogger.java:48) Starting WebAppBootstrap on zj-laptop-work with PID 10060 (C:\WorkBench\idea_workspace\TaxAutoSystem\TaxEntryWeb\target\classes started by zhuji in C:\WorkBench\idea_workspace\TaxAutoSystem)
2018-02-08 14:42:50 [DEBUG] - [main] (StartupInfoLogger.java:51) Running with Spring Boot v1.5.6.RELEASE, Spring v4.3.10.RELEASE
2018-02-08 14:42:50 [INFO ] - [main] (SpringApplication.java:597) The following profiles are active: dev
2018-02-08 14:48:12 [INFO ] - [main] (StartupInfoLogger.java:48) Starting WebAppBootstrap on zj-laptop-work with PID 584 (C:\WorkBench\idea_workspace\TaxAutoSystem\TaxEntryWeb\target\classes started by zhuji in C:\WorkBench\idea_workspace\TaxAutoSystem)
2018-02-08 14:48:12 [DEBUG] - [main] (StartupInfoLogger.java:51) Running with Spring Boot v1.5.6.RELEASE, Spring v4.3.10.RELEASE
2018-02-08 14:48:12 [INFO ] - [main] (SpringApplication.java:597) The following profiles are active: dev
2018-02-08 14:51:55 [INFO ] - [main] (StartupInfoLogger.java:48) Starting WebAppBootstrap on zj-laptop-work with PID 9380 (C:\WorkBench\idea_workspace\TaxAutoSystem\TaxEntryWeb\target\classes started by zhuji in C:\WorkBench\idea_workspace\TaxAutoSystem)
2018-02-08 14:51:55 [DEBUG] - [main] (StartupInfoLogger.java:51) Running with Spring Boot v1.5.6.RELEASE, Spring v4.3.10.RELEASE
2018-02-08 14:51:55 [INFO ] - [main] (SpringApplication.java:597) The following profiles are active: dev
2018-02-08 14:55:55 [INFO ] - [main] (StartupInfoLogger.java:48) Starting WebAppBootstrap on zj-laptop-work with PID 8448 (C:\WorkBench\idea_workspace\TaxAutoSystem\TaxEntryWeb\target\classes started by zhuji in C:\WorkBench\idea_workspace\TaxAutoSystem)
2018-02-08 14:55:55 [DEBUG] - [main] (StartupInfoLogger.java:51) Running with Spring Boot v1.5.6.RELEASE, Spring v4.3.10.RELEASE
2018-02-08 14:55:55 [INFO ] - [main] (SpringApplication.java:597) The following profiles are active: dev
2018-02-08 15:02:41 [INFO ] - [main] (StartupInfoLogger.java:48) Starting ApplicationBootEntry on zj-laptop-work with PID 9720 (C:\WorkBench\idea_workspace\TaxAutoSystem\TaxEntryWeb\target\classes started by zhuji in C:\WorkBench\idea_workspace\TaxAutoSystem)
2018-02-08 15:02:41 [DEBUG] - [main] (StartupInfoLogger.java:51) Running with Spring Boot v1.5.6.RELEASE, Spring v4.3.10.RELEASE
2018-02-08 15:02:41 [INFO ] - [main] (SpringApplication.java:597) The following profiles are active: dev
2018-02-08 15:02:46 [DEBUG] - [main] (ApplicationContextProvider.java:45) ========ApplicationContext config success ,在普通类可以通过调用ApplicationContextProvider.getApplicationContext()获取applicationContext对象,ApplicationContext=org.springframework.boot.context.embedded.AnnotationConfigEmbeddedWebApplicationContext@252ec460: startup date [Thu Feb 08 15:02:41 CST 2018]; root of context hierarchy========
2018-02-08 15:02:48 [INFO ] - [main] (StartupInfoLogger.java:57) Started ApplicationBootEntry in 6.857 seconds (JVM running for 7.637)
2018-02-08 15:03:55 [INFO ] - [main] (StartupInfoLogger.java:48) Starting ApplicationBootEntry on zj-laptop-work with PID 15240 (C:\WorkBench\idea_workspace\TaxAutoSystem\TaxEntryWeb\target\classes started by zhuji in C:\WorkBench\idea_workspace\TaxAutoSystem)
2018-02-08 15:03:55 [DEBUG] - [main] (StartupInfoLogger.java:51) Running with Spring Boot v1.5.6.RELEASE, Spring v4.3.10.RELEASE
2018-02-08 15:03:55 [INFO ] - [main] (SpringApplication.java:597) The following profiles are active: dev
2018-02-08 15:04:01 [DEBUG] - [main] (ApplicationContextProvider.java:45) ========ApplicationContext config success ,在普通类可以通过调用ApplicationContextProvider.getApplicationContext()获取applicationContext对象,ApplicationContext=org.springframework.boot.context.embedded.AnnotationConfigEmbeddedWebApplicationContext@6b667437: startup date [Thu Feb 08 15:03:55 CST 2018]; root of context hierarchy========
2018-02-08 15:04:03 [INFO ] - [main] (StartupInfoLogger.java:57) Started ApplicationBootEntry in 8.291 seconds (JVM running for 9.736)
2018-02-08 15:06:24 [INFO ] - [main] (StartupInfoLogger.java:48) Starting ApplicationBootEntry on zj-laptop-work with PID 20356 (C:\WorkBench\idea_workspace\TaxAutoSystem\TaxEntryWeb\target\classes started by zhuji in C:\WorkBench\idea_workspace\TaxAutoSystem)
2018-02-08 15:06:24 [DEBUG] - [main] (StartupInfoLogger.java:51) Running with Spring Boot v1.5.6.RELEASE, Spring v4.3.10.RELEASE
2018-02-08 15:06:24 [INFO ] - [main] (SpringApplication.java:597) The following profiles are active: dev
2018-02-08 15:06:30 [DEBUG] - [main] (ApplicationContextProvider.java:45) ========ApplicationContext config success ,在普通类可以通过调用ApplicationContextProvider.getApplicationContext()获取applicationContext对象,ApplicationContext=org.springframework.boot.context.embedded.AnnotationConfigEmbeddedWebApplicationContext@47fb30fb: startup date [Thu Feb 08 15:06:24 CST 2018]; root of context hierarchy========
2018-02-08 15:06:32 [INFO ] - [main] (StartupInfoLogger.java:57) Started ApplicationBootEntry in 8.009 seconds (JVM running for 8.92)
2018-02-08 15:11:12 [INFO ] - [main] (StartupInfoLogger.java:48) Starting ApplicationBootEntry on zj-laptop-work with PID 4352 (C:\WorkBench\idea_workspace\TaxAutoSystem\TaxEntryWeb\target\classes started by zhuji in C:\WorkBench\idea_workspace\TaxAutoSystem)
2018-02-08 15:11:12 [DEBUG] - [main] (StartupInfoLogger.java:51) Running with Spring Boot v1.5.6.RELEASE, Spring v4.3.10.RELEASE
2018-02-08 15:11:12 [INFO ] - [main] (SpringApplication.java:597) The following profiles are active: dev
2018-02-08 15:11:17 [DEBUG] - [main] (ApplicationContextProvider.java:45) ========ApplicationContext config success ,在普通类可以通过调用ApplicationContextProvider.getApplicationContext()获取applicationContext对象,ApplicationContext=org.springframework.boot.context.embedded.AnnotationConfigEmbeddedWebApplicationContext@12983349: startup date [Thu Feb 08 15:11:12 CST 2018]; root of context hierarchy========
2018-02-08 15:11:19 [INFO ] - [main] (StartupInfoLogger.java:57) Started ApplicationBootEntry in 7.735 seconds (JVM running for 8.579)
2018-02-08 15:11:49 [INFO ] - [main] (StartupInfoLogger.java:48) Starting ApplicationBootEntry on zj-laptop-work with PID 5692 (C:\WorkBench\idea_workspace\TaxAutoSystem\TaxEntryWeb\target\classes started by zhuji in C:\WorkBench\idea_workspace\TaxAutoSystem)
2018-02-08 15:11:49 [DEBUG] - [main] (StartupInfoLogger.java:51) Running with Spring Boot v1.5.6.RELEASE, Spring v4.3.10.RELEASE
2018-02-08 15:11:49 [INFO ] - [main] (SpringApplication.java:597) The following profiles are active: dev
2018-02-08 15:11:55 [DEBUG] - [main] (ApplicationContextProvider.java:45) ========ApplicationContext config success ,在普通类可以通过调用ApplicationContextProvider.getApplicationContext()获取applicationContext对象,ApplicationContext=org.springframework.boot.context.embedded.AnnotationConfigEmbeddedWebApplicationContext@b5d6247: startup date [Thu Feb 08 15:11:49 CST 2018]; root of context hierarchy========
2018-02-08 15:11:57 [INFO ] - [main] (StartupInfoLogger.java:57) Started ApplicationBootEntry in 7.84 seconds (JVM running for 8.672)
2018-02-08 15:12:26 [INFO ] - [main] (StartupInfoLogger.java:48) Starting ApplicationBootEntry on zj-laptop-work with PID 19668 (C:\WorkBench\idea_workspace\TaxAutoSystem\TaxEntryWeb\target\classes started by zhuji in C:\WorkBench\idea_workspace\TaxAutoSystem)
2018-02-08 15:12:26 [DEBUG] - [main] (StartupInfoLogger.java:51) Running with Spring Boot v1.5.6.RELEASE, Spring v4.3.10.RELEASE
2018-02-08 15:12:26 [INFO ] - [main] (SpringApplication.java:597) The following profiles are active: dev
2018-02-08 15:12:31 [DEBUG] - [main] (ApplicationContextProvider.java:45) ========ApplicationContext config success ,在普通类可以通过调用ApplicationContextProvider.getApplicationContext()获取applicationContext对象,ApplicationContext=org.springframework.boot.context.embedded.AnnotationConfigEmbeddedWebApplicationContext@5b522d7c: startup date [Thu Feb 08 15:12:26 CST 2018]; root of context hierarchy========
2018-02-08 15:12:33 [INFO ] - [main] (StartupInfoLogger.java:57) Started ApplicationBootEntry in 7.744 seconds (JVM running for 8.641)
2018-02-08 15:14:19 [INFO ] - [main] (StartupInfoLogger.java:48) Starting ApplicationBootEntry on zj-laptop-work with PID 21068 (C:\WorkBench\idea_workspace\TaxAutoSystem\TaxEntryWeb\target\classes started by zhuji in C:\WorkBench\idea_workspace\TaxAutoSystem)
2018-02-08 15:14:19 [DEBUG] - [main] (StartupInfoLogger.java:51) Running with Spring Boot v1.5.6.RELEASE, Spring v4.3.10.RELEASE
2018-02-08 15:14:19 [INFO ] - [main] (SpringApplication.java:597) The following profiles are active: dev
2018-02-08 15:14:24 [DEBUG] - [main] (ApplicationContextProvider.java:45) ========ApplicationContext config success ,在普通类可以通过调用ApplicationContextProvider.getApplicationContext()获取applicationContext对象,ApplicationContext=org.springframework.boot.context.embedded.AnnotationConfigEmbeddedWebApplicationContext@cb17ecc: startup date [Thu Feb 08 15:14:19 CST 2018]; root of context hierarchy========
2018-02-08 15:14:26 [INFO ] - [main] (StartupInfoLogger.java:57) Started ApplicationBootEntry in 7.608 seconds (JVM running for 8.549)
2018-02-08 15:15:58 [INFO ] - [main] (StartupInfoLogger.java:48) Starting ApplicationBootEntry on zj-laptop-work with PID 13800 (C:\WorkBench\idea_workspace\TaxAutoSystem\TaxEntryWeb\target\classes started by zhuji in C:\WorkBench\idea_workspace\TaxAutoSystem)
2018-02-08 15:15:58 [DEBUG] - [main] (StartupInfoLogger.java:51) Running with Spring Boot v1.5.6.RELEASE, Spring v4.3.10.RELEASE
2018-02-08 15:15:58 [INFO ] - [main] (SpringApplication.java:597) The following profiles are active: dev
2018-02-08 15:16:04 [DEBUG] - [main] (ApplicationContextProvider.java:45) ========ApplicationContext config success ,在普通类可以通过调用ApplicationContextProvider.getApplicationContext()获取applicationContext对象,ApplicationContext=org.springframework.boot.context.embedded.AnnotationConfigEmbeddedWebApplicationContext@4c14029e: startup date [Thu Feb 08 15:15:58 CST 2018]; root of context hierarchy========
2018-02-08 15:16:06 [INFO ] - [main] (StartupInfoLogger.java:57) Started ApplicationBootEntry in 8.195 seconds (JVM running for 9.148)
2018-02-08 15:20:03 [INFO ] - [main] (StartupInfoLogger.java:48) Starting ApplicationBootEntry on zj-laptop-work with PID 380 (C:\WorkBench\idea_workspace\TaxAutoSystem\TaxEntryWeb\target\classes started by zhuji in C:\WorkBench\idea_workspace\TaxAutoSystem)
2018-02-08 15:20:03 [DEBUG] - [main] (StartupInfoLogger.java:51) Running with Spring Boot v1.5.6.RELEASE, Spring v4.3.10.RELEASE
2018-02-08 15:20:03 [INFO ] - [main] (SpringApplication.java:597) The following profiles are active: dev
2018-02-08 15:20:09 [DEBUG] - [main] (ApplicationContextProvider.java:45) ========ApplicationContext config success ,在普通类可以通过调用ApplicationContextProvider.getApplicationContext()获取applicationContext对象,ApplicationContext=org.springframework.boot.context.embedded.AnnotationConfigEmbeddedWebApplicationContext@2ca652ab: startup date [Thu Feb 08 15:20:04 CST 2018]; root of context hierarchy========
2018-02-08 15:20:11 [INFO ] - [main] (StartupInfoLogger.java:57) Started ApplicationBootEntry in 7.936 seconds (JVM running for 8.847)
2018-02-08 15:22:54 [INFO ] - [main] (StartupInfoLogger.java:48) Starting ApplicationBootEntry on zj-laptop-work with PID 5500 (C:\WorkBench\idea_workspace\TaxAutoSystem\TaxEntryWeb\target\classes started by zhuji in C:\WorkBench\idea_workspace\TaxAutoSystem)
2018-02-08 15:22:54 [DEBUG] - [main] (StartupInfoLogger.java:51) Running with Spring Boot v1.5.6.RELEASE, Spring v4.3.10.RELEASE
2018-02-08 15:22:54 [INFO ] - [main] (SpringApplication.java:597) The following profiles are active: dev
2018-02-08 15:23:00 [DEBUG] - [main] (ApplicationContextProvider.java:45) ========ApplicationContext config success ,在普通类可以通过调用ApplicationContextProvider.getApplicationContext()获取applicationContext对象,ApplicationContext=org.springframework.boot.context.embedded.AnnotationConfigEmbeddedWebApplicationContext@5d30cd23: startup date [Thu Feb 08 15:22:54 CST 2018]; root of context hierarchy========
2018-02-08 15:23:02 [INFO ] - [main] (StartupInfoLogger.java:57) Started ApplicationBootEntry in 7.888 seconds (JVM running for 8.761)
2018-02-08 16:43:13 [INFO ] - [restartedMain] (StartupInfoLogger.java:48) Starting ApplicationBootEntry on zj-laptop-work with PID 17684 (C:\WorkBench\idea_workspace\TaxAutoSystem\TaxEntryWeb\target\classes started by zhuji in C:\WorkBench\idea_workspace\TaxAutoSystem)
2018-02-08 16:43:13 [DEBUG] - [restartedMain] (StartupInfoLogger.java:51) Running with Spring Boot v1.5.6.RELEASE, Spring v4.3.10.RELEASE
2018-02-08 16:43:13 [INFO ] - [restartedMain] (SpringApplication.java:597) The following profiles are active: dev
2018-02-08 16:45:27 [INFO ] - [restartedMain] (StartupInfoLogger.java:48) Starting ApplicationBootEntry on zj-laptop-work with PID 23432 (C:\WorkBench\idea_workspace\TaxAutoSystem\TaxEntryWeb\target\classes started by zhuji in C:\WorkBench\idea_workspace\TaxAutoSystem)
2018-02-08 16:45:27 [DEBUG] - [restartedMain] (StartupInfoLogger.java:51) Running with Spring Boot v1.5.6.RELEASE, Spring v4.3.10.RELEASE
2018-02-08 16:45:27 [INFO ] - [restartedMain] (SpringApplication.java:597) The following profiles are active: dev
2018-02-08 16:50:26 [INFO ] - [restartedMain] (StartupInfoLogger.java:48) Starting ApplicationBootEntry on zj-laptop-work with PID 8660 (C:\WorkBench\idea_workspace\TaxAutoSystem\TaxEntryWeb\target\classes started by zhuji in C:\WorkBench\idea_workspace\TaxAutoSystem)
2018-02-08 16:50:26 [DEBUG] - [restartedMain] (StartupInfoLogger.java:51) Running with Spring Boot v1.5.6.RELEASE, Spring v4.3.10.RELEASE
2018-02-08 16:50:26 [INFO ] - [restartedMain] (SpringApplication.java:597) The following profiles are active: dev
2018-02-08 16:50:33 [DEBUG] - [restartedMain] (ApplicationContextProvider.java:45) ========ApplicationContext config success ,在普通类可以通过调用ApplicationContextProvider.getApplicationContext()获取applicationContext对象,ApplicationContext=org.springframework.boot.context.embedded.AnnotationConfigEmbeddedWebApplicationContext@3a23bd85: startup date [Thu Feb 08 16:50:26 CST 2018]; root of context hierarchy========
2018-02-08 16:50:59 [INFO ] - [restartedMain] (StartupInfoLogger.java:48) Starting ApplicationBootEntry on zj-laptop-work with PID 19908 (C:\WorkBench\idea_workspace\TaxAutoSystem\TaxEntryWeb\target\classes started by zhuji in C:\WorkBench\idea_workspace\TaxAutoSystem)
2018-02-08 16:50:59 [DEBUG] - [restartedMain] (StartupInfoLogger.java:51) Running with Spring Boot v1.5.6.RELEASE, Spring v4.3.10.RELEASE
2018-02-08 16:50:59 [INFO ] - [restartedMain] (SpringApplication.java:597) The following profiles are active: dev
2018-02-08 16:51:05 [DEBUG] - [restartedMain] (ApplicationContextProvider.java:45) ========ApplicationContext config success ,在普通类可以通过调用ApplicationContextProvider.getApplicationContext()获取applicationContext对象,ApplicationContext=org.springframework.boot.context.embedded.AnnotationConfigEmbeddedWebApplicationContext@669393d0: startup date [Thu Feb 08 16:50:59 CST 2018]; root of context hierarchy========
2018-02-08 16:51:07 [INFO ] - [restartedMain] (StartupInfoLogger.java:57) Started ApplicationBootEntry in 8.095 seconds (JVM running for 9.029)
2018-02-08 16:53:11 [INFO ] - [restartedMain] (StartupInfoLogger.java:48) Starting ApplicationBootEntry on zj-laptop-work with PID 23264 (C:\WorkBench\idea_workspace\TaxAutoSystem\TaxEntryWeb\target\classes started by zhuji in C:\WorkBench\idea_workspace\TaxAutoSystem)
2018-02-08 16:53:11 [DEBUG] - [restartedMain] (StartupInfoLogger.java:51) Running with Spring Boot v1.5.6.RELEASE, Spring v4.3.10.RELEASE
2018-02-08 16:53:11 [INFO ] - [restartedMain] (SpringApplication.java:597) The following profiles are active: dev
2018-02-08 16:53:17 [DEBUG] - [restartedMain] (ApplicationContextProvider.java:45) ========ApplicationContext config success ,在普通类可以通过调用ApplicationContextProvider.getApplicationContext()获取applicationContext对象,ApplicationContext=org.springframework.boot.context.embedded.AnnotationConfigEmbeddedWebApplicationContext@38442e5d: startup date [Thu Feb 08 16:53:11 CST 2018]; root of context hierarchy========
2018-02-08 16:53:18 [INFO ] - [restartedMain] (StartupInfoLogger.java:57) Started ApplicationBootEntry in 8.09 seconds (JVM running for 9.019)
2018-02-08 16:54:23 [INFO ] - [restartedMain] (StartupInfoLogger.java:48) Starting ApplicationBootEntry on zj-laptop-work with PID 23264 (C:\WorkBench\idea_workspace\TaxAutoSystem\TaxEntryWeb\target\classes started by zhuji in C:\WorkBench\idea_workspace\TaxAutoSystem)
2018-02-08 16:54:23 [DEBUG] - [restartedMain] (StartupInfoLogger.java:51) Running with Spring Boot v1.5.6.RELEASE, Spring v4.3.10.RELEASE
2018-02-08 16:54:23 [INFO ] - [restartedMain] (SpringApplication.java:597) The following profiles are active: dev
2018-02-08 16:54:41 [INFO ] - [restartedMain] (StartupInfoLogger.java:48) Starting ApplicationBootEntry on zj-laptop-work with PID 23256 (C:\WorkBench\idea_workspace\TaxAutoSystem\TaxEntryWeb\target\classes started by zhuji in C:\WorkBench\idea_workspace\TaxAutoSystem)
2018-02-08 16:54:41 [DEBUG] - [restartedMain] (StartupInfoLogger.java:51) Running with Spring Boot v1.5.6.RELEASE, Spring v4.3.10.RELEASE
2018-02-08 16:54:41 [INFO ] - [restartedMain] (SpringApplication.java:597) The following profiles are active: dev
2018-02-08 16:54:48 [DEBUG] - [restartedMain] (ApplicationContextProvider.java:45) ========ApplicationContext config success ,在普通类可以通过调用ApplicationContextProvider.getApplicationContext()获取applicationContext对象,ApplicationContext=org.springframework.boot.context.embedded.AnnotationConfigEmbeddedWebApplicationContext@2e956751: startup date [Thu Feb 08 16:54:41 CST 2018]; root of context hierarchy========
2018-02-08 16:54:49 [INFO ] - [restartedMain] (StartupInfoLogger.java:57) Started ApplicationBootEntry in 8.202 seconds (JVM running for 9.14)
2018-02-08 16:56:24 [INFO ] - [restartedMain] (StartupInfoLogger.java:48) Starting ApplicationBootEntry on zj-laptop-work with PID 18048 (C:\WorkBench\idea_workspace\TaxAutoSystem\TaxEntryWeb\target\classes started by zhuji in C:\WorkBench\idea_workspace\TaxAutoSystem)
2018-02-08 16:56:24 [DEBUG] - [restartedMain] (StartupInfoLogger.java:51) Running with Spring Boot v1.5.6.RELEASE, Spring v4.3.10.RELEASE
2018-02-08 16:56:24 [INFO ] - [restartedMain] (SpringApplication.java:597) The following profiles are active: dev
2018-02-08 17:00:48 [INFO ] - [restartedMain] (StartupInfoLogger.java:48) Starting ApplicationBootEntry on zj-laptop-work with PID 20280 (C:\WorkBench\idea_workspace\TaxAutoSystem\TaxEntryWeb\target\classes started by zhuji in C:\WorkBench\idea_workspace\TaxAutoSystem)
2018-02-08 17:00:48 [DEBUG] - [restartedMain] (StartupInfoLogger.java:51) Running with Spring Boot v1.5.6.RELEASE, Spring v4.3.10.RELEASE
2018-02-08 17:00:48 [INFO ] - [restartedMain] (SpringApplication.java:597) The following profiles are active: dev
2018-02-08 17:01:18 [INFO ] - [restartedMain] (StartupInfoLogger.java:48) Starting ApplicationBootEntry on zj-laptop-work with PID 17000 (C:\WorkBench\idea_workspace\TaxAutoSystem\TaxEntryWeb\target\classes started by zhuji in C:\WorkBench\idea_workspace\TaxAutoSystem)
2018-02-08 17:01:18 [DEBUG] - [restartedMain] (StartupInfoLogger.java:51) Running with Spring Boot v1.5.6.RELEASE, Spring v4.3.10.RELEASE
2018-02-08 17:01:18 [INFO ] - [restartedMain] (SpringApplication.java:597) The following profiles are active: dev
2018-02-08 17:01:24 [DEBUG] - [restartedMain] (ApplicationContextProvider.java:45) ========ApplicationContext config success ,在普通类可以通过调用ApplicationContextProvider.getApplicationContext()获取applicationContext对象,ApplicationContext=org.springframework.boot.context.embedded.AnnotationConfigEmbeddedWebApplicationContext@695eb69a: startup date [Thu Feb 08 17:01:18 CST 2018]; root of context hierarchy========
2018-02-08 17:01:26 [INFO ] - [restartedMain] (StartupInfoLogger.java:57) Started ApplicationBootEntry in 8.252 seconds (JVM running for 9.188)
2018-02-08 17:05:03 [INFO ] - [restartedMain] (StartupInfoLogger.java:48) Starting ApplicationBootEntry on zj-laptop-work with PID 17000 (C:\WorkBench\idea_workspace\TaxAutoSystem\TaxEntryWeb\target\classes started by zhuji in C:\WorkBench\idea_workspace\TaxAutoSystem)
2018-02-08 17:05:03 [DEBUG] - [restartedMain] (StartupInfoLogger.java:51) Running with Spring Boot v1.5.6.RELEASE, Spring v4.3.10.RELEASE
2018-02-08 17:05:03 [INFO ] - [restartedMain] (SpringApplication.java:597) The following profiles are active: dev
2018-02-08 17:05:05 [DEBUG] - [restartedMain] (ApplicationContextProvider.java:45) ========ApplicationContext config success ,在普通类可以通过调用ApplicationContextProvider.getApplicationContext()获取applicationContext对象,ApplicationContext=org.springframework.boot.context.embedded.AnnotationConfigEmbeddedWebApplicationContext@4ca0ff6: startup date [Thu Feb 08 17:05:03 CST 2018]; root of context hierarchy========
2018-02-08 17:05:06 [INFO ] - [restartedMain] (StartupInfoLogger.java:57) Started ApplicationBootEntry in 2.685 seconds (JVM running for 228.988)
2018-02-08 17:05:21 [INFO ] - [restartedMain] (StartupInfoLogger.java:48) Starting ApplicationBootEntry on zj-laptop-work with PID 14272 (C:\WorkBench\idea_workspace\TaxAutoSystem\TaxEntryWeb\target\classes started by zhuji in C:\WorkBench\idea_workspace\TaxAutoSystem)
2018-02-08 17:05:21 [DEBUG] - [restartedMain] (StartupInfoLogger.java:51) Running with Spring Boot v1.5.6.RELEASE, Spring v4.3.10.RELEASE
2018-02-08 17:05:21 [INFO ] - [restartedMain] (SpringApplication.java:597) The following profiles are active: dev
2018-02-08 17:05:27 [DEBUG] - [restartedMain] (ApplicationContextProvider.java:45) ========ApplicationContext config success ,在普通类可以通过调用ApplicationContextProvider.getApplicationContext()获取applicationContext对象,ApplicationContext=org.springframework.boot.context.embedded.AnnotationConfigEmbeddedWebApplicationContext@10ebbf02: startup date [Thu Feb 08 17:05:21 CST 2018]; root of context hierarchy========
2018-02-08 17:05:28 [INFO ] - [restartedMain] (StartupInfoLogger.java:57) Started ApplicationBootEntry in 8.059 seconds (JVM running for 9.006)
2018-02-08 17:06:21 [INFO ] - [restartedMain] (StartupInfoLogger.java:48) Starting ApplicationBootEntry on zj-laptop-work with PID 20464 (C:\WorkBench\idea_workspace\TaxAutoSystem\TaxEntryWeb\target\classes started by zhuji in C:\WorkBench\idea_workspace\TaxAutoSystem)
2018-02-08 17:06:21 [DEBUG] - [restartedMain] (StartupInfoLogger.java:51) Running with Spring Boot v1.5.6.RELEASE, Spring v4.3.10.RELEASE
2018-02-08 17:06:21 [INFO ] - [restartedMain] (SpringApplication.java:597) The following profiles are active: dev
2018-02-08 17:07:15 [INFO ] - [restartedMain] (StartupInfoLogger.java:48) Starting ApplicationBootEntry on zj-laptop-work with PID 21716 (C:\WorkBench\idea_workspace\TaxAutoSystem\TaxEntryWeb\target\classes started by zhuji in C:\WorkBench\idea_workspace\TaxAutoSystem)
2018-02-08 17:07:15 [DEBUG] - [restartedMain] (StartupInfoLogger.java:51) Running with Spring Boot v1.5.6.RELEASE, Spring v4.3.10.RELEASE
2018-02-08 17:07:15 [INFO ] - [restartedMain] (SpringApplication.java:597) The following profiles are active: dev
2018-02-08 17:15:29 [INFO ] - [restartedMain] (StartupInfoLogger.java:48) Starting ApplicationBootEntry on zj-laptop-work with PID 18476 (C:\WorkBench\idea_workspace\TaxAutoSystem\TaxEntryWeb\target\classes started by zhuji in C:\WorkBench\idea_workspace\TaxAutoSystem)
2018-02-08 17:15:29 [DEBUG] - [restartedMain] (StartupInfoLogger.java:51) Running with Spring Boot v1.5.6.RELEASE, Spring v4.3.10.RELEASE
2018-02-08 17:15:29 [INFO ] - [restartedMain] (SpringApplication.java:597) The following profiles are active: dev
2018-02-08 17:15:36 [DEBUG] - [restartedMain] (ApplicationContextProvider.java:45) ========ApplicationContext config success ,在普通类可以通过调用ApplicationContextProvider.getApplicationContext()获取applicationContext对象,ApplicationContext=org.springframework.boot.context.embedded.AnnotationConfigEmbeddedWebApplicationContext@38442e5d: startup date [Thu Feb 08 17:15:30 CST 2018]; root of context hierarchy========
2018-02-08 17:15:38 [INFO ] - [restartedMain] (StartupInfoLogger.java:57) Started ApplicationBootEntry in 9.196 seconds (JVM running for 10.23)
2018-02-08 17:17:21 [INFO ] - [restartedMain] (StartupInfoLogger.java:48) Starting ApplicationBootEntry on zj-laptop-work with PID 9268 (C:\WorkBench\idea_workspace\TaxAutoSystem\TaxEntryWeb\target\classes started by zhuji in C:\WorkBench\idea_workspace\TaxAutoSystem)
2018-02-08 17:17:21 [DEBUG] - [restartedMain] (StartupInfoLogger.java:51) Running with Spring Boot v1.5.6.RELEASE, Spring v4.3.10.RELEASE
2018-02-08 17:17:21 [INFO ] - [restartedMain] (SpringApplication.java:597) The following profiles are active: dev
2018-02-08 17:17:27 [DEBUG] - [restartedMain] (ApplicationContextProvider.java:45) ========ApplicationContext config success ,在普通类可以通过调用ApplicationContextProvider.getApplicationContext()获取applicationContext对象,ApplicationContext=org.springframework.boot.context.embedded.AnnotationConfigEmbeddedWebApplicationContext@60eb7206: startup date [Thu Feb 08 17:17:21 CST 2018]; root of context hierarchy========
2018-02-08 17:17:28 [INFO ] - [restartedMain] (StartupInfoLogger.java:57) Started ApplicationBootEntry in 8.12 seconds (JVM running for 9.104)
2018-02-08 17:18:02 [INFO ] - [restartedMain] (StartupInfoLogger.java:48) Starting ApplicationBootEntry on zj-laptop-work with PID 9268 (C:\WorkBench\idea_workspace\TaxAutoSystem\TaxEntryWeb\target\classes started by zhuji in C:\WorkBench\idea_workspace\TaxAutoSystem)
2018-02-08 17:18:02 [DEBUG] - [restartedMain] (StartupInfoLogger.java:51) Running with Spring Boot v1.5.6.RELEASE, Spring v4.3.10.RELEASE
2018-02-08 17:18:02 [INFO ] - [restartedMain] (SpringApplication.java:597) The following profiles are active: dev
2018-02-08 17:18:04 [DEBUG] - [restartedMain] (ApplicationContextProvider.java:45) ========ApplicationContext config success ,在普通类可以通过调用ApplicationContextProvider.getApplicationContext()获取applicationContext对象,ApplicationContext=org.springframework.boot.context.embedded.AnnotationConfigEmbeddedWebApplicationContext@48979a83: startup date [Thu Feb 08 17:18:02 CST 2018]; root of context hierarchy========
2018-02-08 17:18:04 [INFO ] - [restartedMain] (StartupInfoLogger.java:57) Started ApplicationBootEntry in 2.736 seconds (JVM running for 44.957)
2018-02-08 17:18:13 [INFO ] - [restartedMain] (StartupInfoLogger.java:48) Starting ApplicationBootEntry on zj-laptop-work with PID 20984 (C:\WorkBench\idea_workspace\TaxAutoSystem\TaxEntryWeb\target\classes started by zhuji in C:\WorkBench\idea_workspace\TaxAutoSystem)
2018-02-08 17:18:13 [DEBUG] - [restartedMain] (StartupInfoLogger.java:51) Running with Spring Boot v1.5.6.RELEASE, Spring v4.3.10.RELEASE
2018-02-08 17:18:13 [INFO ] - [restartedMain] (SpringApplication.java:597) The following profiles are active: dev
2018-02-08 17:18:20 [DEBUG] - [restartedMain] (ApplicationContextProvider.java:45) ========ApplicationContext config success ,在普通类可以通过调用ApplicationContextProvider.getApplicationContext()获取applicationContext对象,ApplicationContext=org.springframework.boot.context.embedded.AnnotationConfigEmbeddedWebApplicationContext@16aac2cc: startup date [Thu Feb 08 17:18:13 CST 2018]; root of context hierarchy========
2018-02-08 17:18:22 [INFO ] - [restartedMain] (StartupInfoLogger.java:57) Started ApplicationBootEntry in 8.94 seconds (JVM running for 10.053)
2018-02-08 17:21:11 [INFO ] - [restartedMain] (StartupInfoLogger.java:48) Starting ApplicationBootEntry on zj-laptop-work with PID 20984 (C:\WorkBench\idea_workspace\TaxAutoSystem\TaxEntryWeb\target\classes started by zhuji in C:\WorkBench\idea_workspace\TaxAutoSystem)
2018-02-08 17:21:11 [DEBUG] - [restartedMain] (StartupInfoLogger.java:51) Running with Spring Boot v1.5.6.RELEASE, Spring v4.3.10.RELEASE
2018-02-08 17:21:11 [INFO ] - [restartedMain] (SpringApplication.java:597) The following profiles are active: dev
2018-02-08 17:21:13 [DEBUG] - [restartedMain] (ApplicationContextProvider.java:45) ========ApplicationContext config success ,在普通类可以通过调用ApplicationContextProvider.getApplicationContext()获取applicationContext对象,ApplicationContext=org.springframework.boot.context.embedded.AnnotationConfigEmbeddedWebApplicationContext@3fc22399: startup date [Thu Feb 08 17:21:11 CST 2018]; root of context hierarchy========
2018-02-08 17:21:13 [INFO ] - [restartedMain] (StartupInfoLogger.java:57) Started ApplicationBootEntry in 2.771 seconds (JVM running for 181.601)
2018-02-08 17:28:27 [INFO ] - [restartedMain] (StartupInfoLogger.java:48) Starting ApplicationBootEntry on zj-laptop-work with PID 9680 (C:\WorkBench\idea_workspace\TaxAutoSystem\TaxEntryWeb\target\classes started by zhuji in C:\WorkBench\idea_workspace\TaxAutoSystem)
2018-02-08 17:28:27 [DEBUG] - [restartedMain] (StartupInfoLogger.java:51) Running with Spring Boot v1.5.6.RELEASE, Spring v4.3.10.RELEASE
2018-02-08 17:28:27 [INFO ] - [restartedMain] (SpringApplication.java:597) The following profiles are active: dev
2018-02-08 17:28:33 [DEBUG] - [restartedMain] (ApplicationContextProvider.java:45) ========ApplicationContext config success ,在普通类可以通过调用ApplicationContextProvider.getApplicationContext()获取applicationContext对象,ApplicationContext=org.springframework.boot.context.embedded.AnnotationConfigEmbeddedWebApplicationContext@19190b75: startup date [Thu Feb 08 17:28:27 CST 2018]; root of context hierarchy========
2018-02-08 17:28:35 [INFO ] - [restartedMain] (StartupInfoLogger.java:57) Started ApplicationBootEntry in 8.759 seconds (JVM running for 9.682)
2018-02-08 17:29:25 [INFO ] - [restartedMain] (StartupInfoLogger.java:48) Starting ApplicationBootEntry on zj-laptop-work with PID 23188 (C:\WorkBench\idea_workspace\TaxAutoSystem\TaxEntryWeb\target\classes started by zhuji in C:\WorkBench\idea_workspace\TaxAutoSystem)
2018-02-08 17:29:25 [DEBUG] - [restartedMain] (StartupInfoLogger.java:51) Running with Spring Boot v1.5.6.RELEASE, Spring v4.3.10.RELEASE
2018-02-08 17:29:25 [INFO ] - [restartedMain] (SpringApplication.java:597) The following profiles are active: dev
2018-02-08 17:31:53 [INFO ] - [restartedMain] (StartupInfoLogger.java:48) Starting ApplicationBootEntry on zj-laptop-work with PID 16916 (C:\WorkBench\idea_workspace\TaxAutoSystem\TaxEntryWeb\target\classes started by zhuji in C:\WorkBench\idea_workspace\TaxAutoSystem)
2018-02-08 17:31:53 [DEBUG] - [restartedMain] (StartupInfoLogger.java:51) Running with Spring Boot v1.5.6.RELEASE, Spring v4.3.10.RELEASE
2018-02-08 17:31:53 [INFO ] - [restartedMain] (SpringApplication.java:597) The following profiles are active: dev
2018-02-08 17:36:20 [INFO ] - [restartedMain] (StartupInfoLogger.java:48) Starting ApplicationBootEntry on zj-laptop-work with PID 16216 (C:\WorkBench\idea_workspace\TaxAutoSystem\TaxEntryWeb\target\classes started by zhuji in C:\WorkBench\idea_workspace\TaxAutoSystem)
2018-02-08 17:36:20 [DEBUG] - [restartedMain] (StartupInfoLogger.java:51) Running with Spring Boot v1.5.6.RELEASE, Spring v4.3.10.RELEASE
2018-02-08 17:36:20 [INFO ] - [restartedMain] (SpringApplication.java:597) The following profiles are active: dev
2018-02-08 17:40:49 [INFO ] - [restartedMain] (StartupInfoLogger.java:48) Starting ApplicationBootEntry on zj-laptop-work with PID 6136 (C:\WorkBench\idea_workspace\TaxAutoSystem\TaxEntryWeb\target\classes started by zhuji in C:\WorkBench\idea_workspace\TaxAutoSystem)
2018-02-08 17:40:49 [DEBUG] - [restartedMain] (StartupInfoLogger.java:51) Running with Spring Boot v1.5.6.RELEASE, Spring v4.3.10.RELEASE
2018-02-08 17:40:49 [INFO ] - [restartedMain] (SpringApplication.java:597) The following profiles are active: dev
2018-02-08 17:40:56 [DEBUG] - [restartedMain] (ApplicationContextProvider.java:45) ========ApplicationContext config success ,在普通类可以通过调用ApplicationContextProvider.getApplicationContext()获取applicationContext对象,ApplicationContext=org.springframework.boot.context.embedded.AnnotationConfigEmbeddedWebApplicationContext@5c613b3a: startup date [Thu Feb 08 17:40:49 CST 2018]; root of context hierarchy========
2018-02-08 17:40:58 [INFO ] - [restartedMain] (StartupInfoLogger.java:57) Started ApplicationBootEntry in 9.571 seconds (JVM running for 10.522)
2018-02-08 17:45:37 [INFO ] - [restartedMain] (StartupInfoLogger.java:48) Starting ApplicationBootEntry on zj-laptop-work with PID 17968 (C:\WorkBench\idea_workspace\TaxAutoSystem\TaxEntryWeb\target\classes started by zhuji in C:\WorkBench\idea_workspace\TaxAutoSystem)
2018-02-08 17:45:37 [DEBUG] - [restartedMain] (StartupInfoLogger.java:51) Running with Spring Boot v1.5.6.RELEASE, Spring v4.3.10.RELEASE
2018-02-08 17:45:37 [INFO ] - [restartedMain] (SpringApplication.java:597) The following profiles are active: dev
2018-02-08 17:45:44 [DEBUG] - [restartedMain] (ApplicationContextProvider.java:45) ========ApplicationContext config success ,在普通类可以通过调用ApplicationContextProvider.getApplicationContext()获取applicationContext对象,ApplicationContext=org.springframework.boot.context.embedded.AnnotationConfigEmbeddedWebApplicationContext@32f82e21: startup date [Thu Feb 08 17:45:37 CST 2018]; root of context hierarchy========
2018-02-08 17:45:45 [INFO ] - [restartedMain] (StartupInfoLogger.java:57) Started ApplicationBootEntry in 8.762 seconds (JVM running for 9.652)
2018-02-09 11:59:05 [INFO ] - [restartedMain] (StartupInfoLogger.java:48) Starting ApplicationBootEntry on zj-laptop-work with PID 22392 (C:\WorkBench\idea_workspace\TaxAutoSystem\TaxEntryWeb\target\classes started by zhuji in C:\WorkBench\idea_workspace\TaxAutoSystem)
2018-02-09 11:59:05 [DEBUG] - [restartedMain] (StartupInfoLogger.java:51) Running with Spring Boot v1.5.6.RELEASE, Spring v4.3.10.RELEASE
2018-02-09 11:59:05 [INFO ] - [restartedMain] (SpringApplication.java:597) The following profiles are active: dev
2018-02-09 12:04:22 [INFO ] - [restartedMain] (StartupInfoLogger.java:48) Starting ApplicationBootEntry on zj-laptop-work with PID 22252 (C:\WorkBench\idea_workspace\TaxAutoSystem\TaxEntryWeb\target\classes started by zhuji in C:\WorkBench\idea_workspace\TaxAutoSystem)
2018-02-09 12:04:22 [DEBUG] - [restartedMain] (StartupInfoLogger.java:51) Running with Spring Boot v1.5.6.RELEASE, Spring v4.3.10.RELEASE
2018-02-09 12:04:22 [INFO ] - [restartedMain] (SpringApplication.java:597) The following profiles are active: dev
2018-02-09 13:44:19 [INFO ] - [restartedMain] (StartupInfoLogger.java:48) Starting ApplicationBootEntry on zj-laptop-work with PID 17380 (C:\WorkBench\idea_workspace\TaxAutoSystem\TaxEntryWeb\target\classes started by zhuji in C:\WorkBench\idea_workspace\TaxAutoSystem)
2018-02-09 13:44:19 [DEBUG] - [restartedMain] (StartupInfoLogger.java:51) Running with Spring Boot v1.5.6.RELEASE, Spring v4.3.10.RELEASE
2018-02-09 13:44:19 [INFO ] - [restartedMain] (SpringApplication.java:597) The following profiles are active: dev
2018-02-09 13:45:55 [INFO ] - [restartedMain] (StartupInfoLogger.java:48) Starting ApplicationBootEntry on zj-laptop-work with PID 24248 (C:\WorkBench\idea_workspace\TaxAutoSystem\TaxEntryWeb\target\classes started by zhuji in C:\WorkBench\idea_workspace\TaxAutoSystem)
2018-02-09 13:45:55 [DEBUG] - [restartedMain] (StartupInfoLogger.java:51) Running with Spring Boot v1.5.6.RELEASE, Spring v4.3.10.RELEASE
2018-02-09 13:45:55 [INFO ] - [restartedMain] (SpringApplication.java:597) The following profiles are active: dev
2018-02-09 13:46:51 [INFO ] - [restartedMain] (StartupInfoLogger.java:48) Starting ApplicationBootEntry on zj-laptop-work with PID 24108 (C:\WorkBench\idea_workspace\TaxAutoSystem\TaxEntryWeb\target\classes started by zhuji in C:\WorkBench\idea_workspace\TaxAutoSystem)
2018-02-09 13:46:51 [DEBUG] - [restartedMain] (StartupInfoLogger.java:51) Running with Spring Boot v1.5.6.RELEASE, Spring v4.3.10.RELEASE
2018-02-09 13:46:51 [INFO ] - [restartedMain] (SpringApplication.java:597) The following profiles are active: dev
2018-02-09 13:46:59 [DEBUG] - [restartedMain] (ApplicationContextProvider.java:45) ========ApplicationContext config success ,在普通类可以通过调用ApplicationContextProvider.getApplicationContext()获取applicationContext对象,ApplicationContext=org.springframework.boot.context.embedded.AnnotationConfigEmbeddedWebApplicationContext@1ac4d48: startup date [Fri Feb 09 13:46:51 CST 2018]; root of context hierarchy========
2018-02-09 13:47:01 [INFO ] - [restartedMain] (StartupInfoLogger.java:57) Started ApplicationBootEntry in 10.389 seconds (JVM running for 11.451)
2018-02-09 14:03:36 [INFO ] - [main] (GlobalPropertiesFactory.java:38) Trying to load global configuration file [globalConfig.properties] 
2018-02-09 14:03:36 [INFO ] - [main] (GlobalPropertiesFactory.java:47) Load [globalConfig.properties] from [file:/C:/WorkBench/idea_workspace/TaxAutoSystem/TaxEntryWeb/target/classes/globalConfig.properties]
2018-02-09 14:03:36 [INFO ] - [main] (GlobalPropertiesFactory.java:52) Finished configuring global properties
2018-02-09 14:03:59 [INFO ] - [main] (GlobalPropertiesFactory.java:38) Trying to load global configuration file [globalConfig.properties] 
2018-02-09 14:03:59 [INFO ] - [main] (GlobalPropertiesFactory.java:47) Load [globalConfig.properties] from [file:/C:/WorkBench/idea_workspace/TaxAutoSystem/TaxEntryWeb/target/classes/globalConfig.properties]
2018-02-09 14:03:59 [INFO ] - [main] (GlobalPropertiesFactory.java:52) Finished configuring global properties
2018-02-09 14:04:02 [INFO ] - [restartedMain] (GlobalPropertiesFactory.java:38) Trying to load global configuration file [globalConfig.properties] 
2018-02-09 14:04:02 [INFO ] - [restartedMain] (GlobalPropertiesFactory.java:47) Load [globalConfig.properties] from [file:/C:/WorkBench/idea_workspace/TaxAutoSystem/TaxEntryWeb/target/classes/globalConfig.properties]
2018-02-09 14:04:02 [INFO ] - [restartedMain] (GlobalPropertiesFactory.java:52) Finished configuring global properties
2018-02-09 14:04:10 [INFO ] - [restartedMain] (StartupInfoLogger.java:48) Starting ApplicationBootEntry on zj-laptop-work with PID 20160 (C:\WorkBench\idea_workspace\TaxAutoSystem\TaxEntryWeb\target\classes started by zhuji in C:\WorkBench\idea_workspace\TaxAutoSystem)
2018-02-09 14:04:10 [DEBUG] - [restartedMain] (StartupInfoLogger.java:51) Running with Spring Boot v1.5.6.RELEASE, Spring v4.3.10.RELEASE
2018-02-09 14:04:10 [INFO ] - [restartedMain] (SpringApplication.java:597) The following profiles are active: dev
2018-02-09 14:04:18 [DEBUG] - [restartedMain] (ApplicationContextProvider.java:45) ========ApplicationContext config success ,在普通类可以通过调用ApplicationContextProvider.getApplicationContext()获取applicationContext对象,ApplicationContext=org.springframework.boot.context.embedded.AnnotationConfigEmbeddedWebApplicationContext@5d3f4778: startup date [Fri Feb 09 14:04:10 CST 2018]; root of context hierarchy========
2018-02-09 14:04:20 [INFO ] - [restartedMain] (StartupInfoLogger.java:57) Started ApplicationBootEntry in 10.129 seconds (JVM running for 22.231)
